::1 - - [09/Jul/2015:07:34:03 +0000] "GET / HTTP/1.1" 200 2908 "-" "Mozilla/5.0 (Windows NT 6.1; WOW64) AppleWebKit/537.36 (KHTML, like Gecko) Chrome/43.0.2357.65 Safari/537.36"
::1 - - [09/Jul/2015:07:34:03 +0000] "GET /stylesheets/bootstrap-responsive.css HTTP/1.1" 200 22102 "http://localhost:3000/" "Mozilla/5.0 (Windows NT 6.1; WOW64) AppleWebKit/537.36 (KHTML, like Gecko) Chrome/43.0.2357.65 Safari/537.36"
::1 - - [09/Jul/2015:07:34:03 +0000] "GET /javascripts/bootstrap.js HTTP/1.1" 200 61884 "http://localhost:3000/" "Mozilla/5.0 (Windows NT 6.1; WOW64) AppleWebKit/537.36 (KHTML, like Gecko) Chrome/43.0.2357.65 Safari/537.36"
::1 - - [09/Jul/2015:07:34:03 +0000] "GET /javascripts/jquery-2.1.4.min.js HTTP/1.1" 200 84345 "http://localhost:3000/" "Mozilla/5.0 (Windows NT 6.1; WOW64) AppleWebKit/537.36 (KHTML, like Gecko) Chrome/43.0.2357.65 Safari/537.36"
::1 - - [09/Jul/2015:07:34:03 +0000] "GET /stylesheets/bootstrap.css HTTP/1.1" 200 127343 "http://localhost:3000/" "Mozilla/5.0 (Windows NT 6.1; WOW64) AppleWebKit/537.36 (KHTML, like Gecko) Chrome/43.0.2357.65 Safari/537.36"
::1 - - [09/Jul/2015:07:36:45 +0000] "GET / HTTP/1.1" 500 59 "-" "Mozilla/5.0 (Windows NT 6.1; WOW64) AppleWebKit/537.36 (KHTML, like Gecko) Chrome/43.0.2357.65 Safari/537.36"
::ffff:127.0.0.1 - - [09/Jul/2015:07:42:27 +0000] "GET / HTTP/1.1" 500 1522 "-" "Mozilla/5.0 (Windows NT 6.1; WOW64) AppleWebKit/537.36 (KHTML, like Gecko) Chrome/43.0.2357.65 Safari/537.36"
::ffff:127.0.0.1 - - [09/Jul/2015:07:43:24 +0000] "GET / HTTP/1.1" 500 1522 "-" "Mozilla/5.0 (Windows NT 6.1; WOW64) AppleWebKit/537.36 (KHTML, like Gecko) Chrome/43.0.2357.65 Safari/537.36"
::ffff:127.0.0.1 - - [09/Jul/2015:07:43:25 +0000] "GET / HTTP/1.1" 500 1522 "-" "Mozilla/5.0 (Windows NT 6.1; WOW64) AppleWebKit/537.36 (KHTML, like Gecko) Chrome/43.0.2357.65 Safari/537.36"
::1 - - [09/Jul/2015:07:45:10 +0000] "GET / HTTP/1.1" 500 59 "-" "Mozilla/5.0 (Windows NT 6.1; WOW64) AppleWebKit/537.36 (KHTML, like Gecko) Chrome/43.0.2357.65 Safari/537.36"
::1 - - [09/Jul/2015:07:45:13 +0000] "GET / HTTP/1.1" 500 59 "-" "Mozilla/5.0 (Windows NT 6.1; WOW64) AppleWebKit/537.36 (KHTML, like Gecko) Chrome/43.0.2357.65 Safari/537.36"
::1 - - [09/Jul/2015:07:45:14 +0000] "GET / HTTP/1.1" 500 59 "-" "Mozilla/5.0 (Windows NT 6.1; WOW64) AppleWebKit/537.36 (KHTML, like Gecko) Chrome/43.0.2357.65 Safari/537.36"
::1 - - [Thu, 09 Jul 2015 08:08:50 GMT] "GET / HTTP/1.1" 200 2908 "-" "Mozilla/5.0 (Windows NT 6.1; WOW64) AppleWebKit/537.36 (KHTML, like Gecko) Chrome/43.0.2357.65 Safari/537.36"
::1 - - [Thu, 09 Jul 2015 08:08:50 GMT] "GET /stylesheets/bootstrap.css HTTP/1.1" 200 127343 "http://localhost:3000/" "Mozilla/5.0 (Windows NT 6.1; WOW64) AppleWebKit/537.36 (KHTML, like Gecko) Chrome/43.0.2357.65 Safari/537.36"
::1 - - [Thu, 09 Jul 2015 08:08:50 GMT] "GET /javascripts/bootstrap.js HTTP/1.1" 200 61884 "http://localhost:3000/" "Mozilla/5.0 (Windows NT 6.1; WOW64) AppleWebKit/537.36 (KHTML, like Gecko) Chrome/43.0.2357.65 Safari/537.36"
::1 - - [Thu, 09 Jul 2015 08:08:50 GMT] "GET /javascripts/jquery-2.1.4.min.js HTTP/1.1" 200 84345 "http://localhost:3000/" "Mozilla/5.0 (Windows NT 6.1; WOW64) AppleWebKit/537.36 (KHTML, like Gecko) Chrome/43.0.2357.65 Safari/537.36"
::1 - - [Thu, 09 Jul 2015 08:08:50 GMT] "GET /stylesheets/bootstrap-responsive.css HTTP/1.1" 200 22102 "http://localhost:3000/" "Mozilla/5.0 (Windows NT 6.1; WOW64) AppleWebKit/537.36 (KHTML, like Gecko) Chrome/43.0.2357.65 Safari/537.36"
::1 - - [Thu, 09 Jul 2015 08:08:56 GMT] "GET /login HTTP/1.1" 200 1982 "http://localhost:3000/" "Mozilla/5.0 (Windows NT 6.1; WOW64) AppleWebKit/537.36 (KHTML, like Gecko) Chrome/43.0.2357.65 Safari/537.36"
::1 - - [Thu, 09 Jul 2015 08:08:56 GMT] "GET /stylesheets/bootstrap-responsive.css HTTP/1.1" 200 22102 "http://localhost:3000/login" "Mozilla/5.0 (Windows NT 6.1; WOW64) AppleWebKit/537.36 (KHTML, like Gecko) Chrome/43.0.2357.65 Safari/537.36"
::1 - - [Thu, 09 Jul 2015 08:08:56 GMT] "GET /javascripts/bootstrap.js HTTP/1.1" 200 61884 "http://localhost:3000/login" "Mozilla/5.0 (Windows NT 6.1; WOW64) AppleWebKit/537.36 (KHTML, like Gecko) Chrome/43.0.2357.65 Safari/537.36"
::1 - - [Thu, 09 Jul 2015 08:08:56 GMT] "GET /javascripts/jquery-2.1.4.min.js HTTP/1.1" 200 84345 "http://localhost:3000/login" "Mozilla/5.0 (Windows NT 6.1; WOW64) AppleWebKit/537.36 (KHTML, like Gecko) Chrome/43.0.2357.65 Safari/537.36"
::1 - - [Thu, 09 Jul 2015 08:08:56 GMT] "GET /stylesheets/bootstrap.css HTTP/1.1" 200 127343 "http://localhost:3000/login" "Mozilla/5.0 (Windows NT 6.1; WOW64) AppleWebKit/537.36 (KHTML, like Gecko) Chrome/43.0.2357.65 Safari/537.36"
::1 - - [Thu, 09 Jul 2015 08:08:58 GMT] "GET / HTTP/1.1" 200 2908 "-" "Mozilla/5.0 (Windows NT 6.1; WOW64) AppleWebKit/537.36 (KHTML, like Gecko) Chrome/43.0.2357.65 Safari/537.36"
::1 - - [Thu, 09 Jul 2015 08:08:58 GMT] "GET /stylesheets/bootstrap.css HTTP/1.1" 200 127343 "http://localhost:3000/" "Mozilla/5.0 (Windows NT 6.1; WOW64) AppleWebKit/537.36 (KHTML, like Gecko) Chrome/43.0.2357.65 Safari/537.36"
::1 - - [Thu, 09 Jul 2015 08:08:58 GMT] "GET /stylesheets/bootstrap-responsive.css HTTP/1.1" 200 22102 "http://localhost:3000/" "Mozilla/5.0 (Windows NT 6.1; WOW64) AppleWebKit/537.36 (KHTML, like Gecko) Chrome/43.0.2357.65 Safari/537.36"
::1 - - [Thu, 09 Jul 2015 08:08:58 GMT] "GET /javascripts/jquery-2.1.4.min.js HTTP/1.1" 200 84345 "http://localhost:3000/" "Mozilla/5.0 (Windows NT 6.1; WOW64) AppleWebKit/537.36 (KHTML, like Gecko) Chrome/43.0.2357.65 Safari/537.36"
::1 - - [Thu, 09 Jul 2015 08:08:58 GMT] "GET /javascripts/bootstrap.js HTTP/1.1" 200 61884 "http://localhost:3000/" "Mozilla/5.0 (Windows NT 6.1; WOW64) AppleWebKit/537.36 (KHTML, like Gecko) Chrome/43.0.2357.65 Safari/537.36"
::1 - - [09/Jul/2015:08:09:42 +0000] "GET / HTTP/1.1" 200 2908 "-" "Mozilla/5.0 (Windows NT 6.1; WOW64) AppleWebKit/537.36 (KHTML, like Gecko) Chrome/43.0.2357.65 Safari/537.36"
::1 - - [09/Jul/2015:08:09:42 +0000] "GET /stylesheets/bootstrap-responsive.css HTTP/1.1" 200 22102 "http://localhost:3000/" "Mozilla/5.0 (Windows NT 6.1; WOW64) AppleWebKit/537.36 (KHTML, like Gecko) Chrome/43.0.2357.65 Safari/537.36"
::1 - - [09/Jul/2015:08:09:42 +0000] "GET /javascripts/bootstrap.js HTTP/1.1" 200 61884 "http://localhost:3000/" "Mozilla/5.0 (Windows NT 6.1; WOW64) AppleWebKit/537.36 (KHTML, like Gecko) Chrome/43.0.2357.65 Safari/537.36"
::1 - - [09/Jul/2015:08:09:42 +0000] "GET /stylesheets/bootstrap.css HTTP/1.1" 200 127343 "http://localhost:3000/" "Mozilla/5.0 (Windows NT 6.1; WOW64) AppleWebKit/537.36 (KHTML, like Gecko) Chrome/43.0.2357.65 Safari/537.36"
::1 - - [09/Jul/2015:08:09:42 +0000] "GET /javascripts/jquery-2.1.4.min.js HTTP/1.1" 200 84345 "http://localhost:3000/" "Mozilla/5.0 (Windows NT 6.1; WOW64) AppleWebKit/537.36 (KHTML, like Gecko) Chrome/43.0.2357.65 Safari/537.36"
::1 - - [09/Jul/2015:08:09:55 +0000] "GET /login HTTP/1.1" 200 1982 "http://localhost:3000/" "Mozilla/5.0 (Windows NT 6.1; WOW64) AppleWebKit/537.36 (KHTML, like Gecko) Chrome/43.0.2357.65 Safari/537.36"
::1 - - [09/Jul/2015:08:09:55 +0000] "GET /stylesheets/bootstrap-responsive.css HTTP/1.1" 200 22102 "http://localhost:3000/login" "Mozilla/5.0 (Windows NT 6.1; WOW64) AppleWebKit/537.36 (KHTML, like Gecko) Chrome/43.0.2357.65 Safari/537.36"
::1 - - [09/Jul/2015:08:09:55 +0000] "GET /stylesheets/bootstrap.css HTTP/1.1" 200 127343 "http://localhost:3000/login" "Mozilla/5.0 (Windows NT 6.1; WOW64) AppleWebKit/537.36 (KHTML, like Gecko) Chrome/43.0.2357.65 Safari/537.36"
::1 - - [09/Jul/2015:08:09:55 +0000] "GET /javascripts/jquery-2.1.4.min.js HTTP/1.1" 200 84345 "http://localhost:3000/login" "Mozilla/5.0 (Windows NT 6.1; WOW64) AppleWebKit/537.36 (KHTML, like Gecko) Chrome/43.0.2357.65 Safari/537.36"
::1 - - [09/Jul/2015:08:09:55 +0000] "GET /javascripts/bootstrap.js HTTP/1.1" 200 61884 "http://localhost:3000/login" "Mozilla/5.0 (Windows NT 6.1; WOW64) AppleWebKit/537.36 (KHTML, like Gecko) Chrome/43.0.2357.65 Safari/537.36"
::1 - - [09/Jul/2015:08:09:58 +0000] "POST /login HTTP/1.1" 302 68 "http://localhost:3000/login" "Mozilla/5.0 (Windows NT 6.1; WOW64) AppleWebKit/537.36 (KHTML, like Gecko) Chrome/43.0.2357.65 Safari/537.36"
::1 - - [09/Jul/2015:08:09:58 +0000] "GET /login HTTP/1.1" 200 2041 "http://localhost:3000/login" "Mozilla/5.0 (Windows NT 6.1; WOW64) AppleWebKit/537.36 (KHTML, like Gecko) Chrome/43.0.2357.65 Safari/537.36"
::1 - - [09/Jul/2015:08:09:58 +0000] "GET /stylesheets/bootstrap-responsive.css HTTP/1.1" 200 22102 "http://localhost:3000/login" "Mozilla/5.0 (Windows NT 6.1; WOW64) AppleWebKit/537.36 (KHTML, like Gecko) Chrome/43.0.2357.65 Safari/537.36"
::1 - - [09/Jul/2015:08:09:58 +0000] "GET /stylesheets/bootstrap.css HTTP/1.1" 200 127343 "http://localhost:3000/login" "Mozilla/5.0 (Windows NT 6.1; WOW64) AppleWebKit/537.36 (KHTML, like Gecko) Chrome/43.0.2357.65 Safari/537.36"
::1 - - [09/Jul/2015:08:09:58 +0000] "GET /javascripts/jquery-2.1.4.min.js HTTP/1.1" 200 84345 "http://localhost:3000/login" "Mozilla/5.0 (Windows NT 6.1; WOW64) AppleWebKit/537.36 (KHTML, like Gecko) Chrome/43.0.2357.65 Safari/537.36"
::1 - - [09/Jul/2015:08:09:58 +0000] "GET /javascripts/bootstrap.js HTTP/1.1" 200 61884 "http://localhost:3000/login" "Mozilla/5.0 (Windows NT 6.1; WOW64) AppleWebKit/537.36 (KHTML, like Gecko) Chrome/43.0.2357.65 Safari/537.36"
::1 - - [09/Jul/2015:08:11:08 +0000] "GET /login HTTP/1.1" 200 1982 "http://localhost:3000/login" "Mozilla/5.0 (Windows NT 6.1; WOW64) AppleWebKit/537.36 (KHTML, like Gecko) Chrome/43.0.2357.65 Safari/537.36"
::1 - - [09/Jul/2015:08:11:08 +0000] "GET /stylesheets/bootstrap-responsive.css HTTP/1.1" 200 22102 "http://localhost:3000/login" "Mozilla/5.0 (Windows NT 6.1; WOW64) AppleWebKit/537.36 (KHTML, like Gecko) Chrome/43.0.2357.65 Safari/537.36"
::1 - - [09/Jul/2015:08:11:08 +0000] "GET /stylesheets/bootstrap.css HTTP/1.1" 200 127343 "http://localhost:3000/login" "Mozilla/5.0 (Windows NT 6.1; WOW64) AppleWebKit/537.36 (KHTML, like Gecko) Chrome/43.0.2357.65 Safari/537.36"
::1 - - [09/Jul/2015:08:11:08 +0000] "GET /javascripts/bootstrap.js HTTP/1.1" 200 61884 "http://localhost:3000/login" "Mozilla/5.0 (Windows NT 6.1; WOW64) AppleWebKit/537.36 (KHTML, like Gecko) Chrome/43.0.2357.65 Safari/537.36"
::1 - - [09/Jul/2015:08:11:08 +0000] "GET /javascripts/jquery-2.1.4.min.js HTTP/1.1" 200 84345 "http://localhost:3000/login" "Mozilla/5.0 (Windows NT 6.1; WOW64) AppleWebKit/537.36 (KHTML, like Gecko) Chrome/43.0.2357.65 Safari/537.36"
::1 - - [09/Jul/2015:08:11:18 +0000] "POST /login HTTP/1.1" 302 68 "http://localhost:3000/login" "Mozilla/5.0 (Windows NT 6.1; WOW64) AppleWebKit/537.36 (KHTML, like Gecko) Chrome/43.0.2357.65 Safari/537.36"
::1 - - [09/Jul/2015:08:11:18 +0000] "GET /login HTTP/1.1" 200 2041 "http://localhost:3000/login" "Mozilla/5.0 (Windows NT 6.1; WOW64) AppleWebKit/537.36 (KHTML, like Gecko) Chrome/43.0.2357.65 Safari/537.36"
::1 - - [09/Jul/2015:08:11:18 +0000] "GET /stylesheets/bootstrap-responsive.css HTTP/1.1" 200 22102 "http://localhost:3000/login" "Mozilla/5.0 (Windows NT 6.1; WOW64) AppleWebKit/537.36 (KHTML, like Gecko) Chrome/43.0.2357.65 Safari/537.36"
::1 - - [09/Jul/2015:08:11:18 +0000] "GET /javascripts/bootstrap.js HTTP/1.1" 200 61884 "http://localhost:3000/login" "Mozilla/5.0 (Windows NT 6.1; WOW64) AppleWebKit/537.36 (KHTML, like Gecko) Chrome/43.0.2357.65 Safari/537.36"
::1 - - [09/Jul/2015:08:11:18 +0000] "GET /javascripts/jquery-2.1.4.min.js HTTP/1.1" 200 84345 "http://localhost:3000/login" "Mozilla/5.0 (Windows NT 6.1; WOW64) AppleWebKit/537.36 (KHTML, like Gecko) Chrome/43.0.2357.65 Safari/537.36"
::1 - - [09/Jul/2015:08:11:18 +0000] "GET /stylesheets/bootstrap.css HTTP/1.1" 200 127343 "http://localhost:3000/login" "Mozilla/5.0 (Windows NT 6.1; WOW64) AppleWebKit/537.36 (KHTML, like Gecko) Chrome/43.0.2357.65 Safari/537.36"
::1 - - [09/Jul/2015:08:11:35 +0000] "GET / HTTP/1.1" 304 - "-" "Mozilla/5.0 (Windows NT 6.1; WOW64) AppleWebKit/537.36 (KHTML, like Gecko) Chrome/43.0.2357.65 Safari/537.36"
::1 - - [09/Jul/2015:08:11:35 +0000] "GET /stylesheets/bootstrap.css HTTP/1.1" 304 - "http://localhost:3000/" "Mozilla/5.0 (Windows NT 6.1; WOW64) AppleWebKit/537.36 (KHTML, like Gecko) Chrome/43.0.2357.65 Safari/537.36"
::1 - - [09/Jul/2015:08:11:35 +0000] "GET /javascripts/jquery-2.1.4.min.js HTTP/1.1" 304 - "http://localhost:3000/" "Mozilla/5.0 (Windows NT 6.1; WOW64) AppleWebKit/537.36 (KHTML, like Gecko) Chrome/43.0.2357.65 Safari/537.36"
::1 - - [09/Jul/2015:08:11:35 +0000] "GET /stylesheets/bootstrap-responsive.css HTTP/1.1" 304 - "http://localhost:3000/" "Mozilla/5.0 (Windows NT 6.1; WOW64) AppleWebKit/537.36 (KHTML, like Gecko) Chrome/43.0.2357.65 Safari/537.36"
::1 - - [09/Jul/2015:08:11:35 +0000] "GET /javascripts/bootstrap.js HTTP/1.1" 304 - "http://localhost:3000/" "Mozilla/5.0 (Windows NT 6.1; WOW64) AppleWebKit/537.36 (KHTML, like Gecko) Chrome/43.0.2357.65 Safari/537.36"
::1 - - [09/Jul/2015:08:11:57 +0000] "GET / HTTP/1.1" 304 - "-" "Mozilla/5.0 (Windows NT 6.1; WOW64) AppleWebKit/537.36 (KHTML, like Gecko) Chrome/43.0.2357.65 Safari/537.36"
::1 - - [09/Jul/2015:08:11:57 +0000] "GET /stylesheets/bootstrap.css HTTP/1.1" 304 - "http://localhost:3000/" "Mozilla/5.0 (Windows NT 6.1; WOW64) AppleWebKit/537.36 (KHTML, like Gecko) Chrome/43.0.2357.65 Safari/537.36"
::1 - - [09/Jul/2015:08:11:57 +0000] "GET /stylesheets/bootstrap-responsive.css HTTP/1.1" 304 - "http://localhost:3000/" "Mozilla/5.0 (Windows NT 6.1; WOW64) AppleWebKit/537.36 (KHTML, like Gecko) Chrome/43.0.2357.65 Safari/537.36"
::1 - - [09/Jul/2015:08:11:57 +0000] "GET /javascripts/bootstrap.js HTTP/1.1" 304 - "http://localhost:3000/" "Mozilla/5.0 (Windows NT 6.1; WOW64) AppleWebKit/537.36 (KHTML, like Gecko) Chrome/43.0.2357.65 Safari/537.36"
::1 - - [09/Jul/2015:08:11:57 +0000] "GET /javascripts/jquery-2.1.4.min.js HTTP/1.1" 304 - "http://localhost:3000/" "Mozilla/5.0 (Windows NT 6.1; WOW64) AppleWebKit/537.36 (KHTML, like Gecko) Chrome/43.0.2357.65 Safari/537.36"
::1 - - [09/Jul/2015:08:11:59 +0000] "GET /login HTTP/1.1" 200 1982 "http://localhost:3000/login" "Mozilla/5.0 (Windows NT 6.1; WOW64) AppleWebKit/537.36 (KHTML, like Gecko) Chrome/43.0.2357.65 Safari/537.36"
::1 - - [09/Jul/2015:08:11:59 +0000] "GET /stylesheets/bootstrap-responsive.css HTTP/1.1" 200 22102 "http://localhost:3000/login" "Mozilla/5.0 (Windows NT 6.1; WOW64) AppleWebKit/537.36 (KHTML, like Gecko) Chrome/43.0.2357.65 Safari/537.36"
::1 - - [09/Jul/2015:08:11:59 +0000] "GET /javascripts/jquery-2.1.4.min.js HTTP/1.1" 200 84345 "http://localhost:3000/login" "Mozilla/5.0 (Windows NT 6.1; WOW64) AppleWebKit/537.36 (KHTML, like Gecko) Chrome/43.0.2357.65 Safari/537.36"
::1 - - [09/Jul/2015:08:11:59 +0000] "GET /javascripts/bootstrap.js HTTP/1.1" 200 61884 "http://localhost:3000/login" "Mozilla/5.0 (Windows NT 6.1; WOW64) AppleWebKit/537.36 (KHTML, like Gecko) Chrome/43.0.2357.65 Safari/537.36"
::1 - - [09/Jul/2015:08:11:59 +0000] "GET /stylesheets/bootstrap.css HTTP/1.1" 200 127343 "http://localhost:3000/login" "Mozilla/5.0 (Windows NT 6.1; WOW64) AppleWebKit/537.36 (KHTML, like Gecko) Chrome/43.0.2357.65 Safari/537.36"
::1 - - [09/Jul/2015:08:12:19 +0000] "POST /login HTTP/1.1" 302 68 "http://localhost:3000/login" "Mozilla/5.0 (Windows NT 6.1; WOW64) AppleWebKit/537.36 (KHTML, like Gecko) Chrome/43.0.2357.65 Safari/537.36"
::1 - - [09/Jul/2015:08:12:19 +0000] "GET /login HTTP/1.1" 200 2041 "http://localhost:3000/login" "Mozilla/5.0 (Windows NT 6.1; WOW64) AppleWebKit/537.36 (KHTML, like Gecko) Chrome/43.0.2357.65 Safari/537.36"
::1 - - [09/Jul/2015:08:12:19 +0000] "GET /stylesheets/bootstrap-responsive.css HTTP/1.1" 200 22102 "http://localhost:3000/login" "Mozilla/5.0 (Windows NT 6.1; WOW64) AppleWebKit/537.36 (KHTML, like Gecko) Chrome/43.0.2357.65 Safari/537.36"
::1 - - [09/Jul/2015:08:12:19 +0000] "GET /javascripts/bootstrap.js HTTP/1.1" 200 61884 "http://localhost:3000/login" "Mozilla/5.0 (Windows NT 6.1; WOW64) AppleWebKit/537.36 (KHTML, like Gecko) Chrome/43.0.2357.65 Safari/537.36"
::1 - - [09/Jul/2015:08:12:19 +0000] "GET /javascripts/jquery-2.1.4.min.js HTTP/1.1" 200 84345 "http://localhost:3000/login" "Mozilla/5.0 (Windows NT 6.1; WOW64) AppleWebKit/537.36 (KHTML, like Gecko) Chrome/43.0.2357.65 Safari/537.36"
::1 - - [09/Jul/2015:08:12:19 +0000] "GET /stylesheets/bootstrap.css HTTP/1.1" 200 127343 "http://localhost:3000/login" "Mozilla/5.0 (Windows NT 6.1; WOW64) AppleWebKit/537.36 (KHTML, like Gecko) Chrome/43.0.2357.65 Safari/537.36"
::1 - - [09/Jul/2015:08:16:33 +0000] "GET /login HTTP/1.1" 200 1982 "http://localhost:3000/login" "Mozilla/5.0 (Windows NT 6.1; WOW64) AppleWebKit/537.36 (KHTML, like Gecko) Chrome/43.0.2357.65 Safari/537.36"
::1 - - [09/Jul/2015:08:16:33 +0000] "GET /stylesheets/bootstrap-responsive.css HTTP/1.1" 200 22102 "http://localhost:3000/login" "Mozilla/5.0 (Windows NT 6.1; WOW64) AppleWebKit/537.36 (KHTML, like Gecko) Chrome/43.0.2357.65 Safari/537.36"
::1 - - [09/Jul/2015:08:16:33 +0000] "GET /javascripts/bootstrap.js HTTP/1.1" 200 61884 "http://localhost:3000/login" "Mozilla/5.0 (Windows NT 6.1; WOW64) AppleWebKit/537.36 (KHTML, like Gecko) Chrome/43.0.2357.65 Safari/537.36"
::1 - - [09/Jul/2015:08:16:33 +0000] "GET /javascripts/jquery-2.1.4.min.js HTTP/1.1" 200 84345 "http://localhost:3000/login" "Mozilla/5.0 (Windows NT 6.1; WOW64) AppleWebKit/537.36 (KHTML, like Gecko) Chrome/43.0.2357.65 Safari/537.36"
::1 - - [09/Jul/2015:08:16:33 +0000] "GET /stylesheets/bootstrap.css HTTP/1.1" 200 127343 "http://localhost:3000/login" "Mozilla/5.0 (Windows NT 6.1; WOW64) AppleWebKit/537.36 (KHTML, like Gecko) Chrome/43.0.2357.65 Safari/537.36"
::1 - - [09/Jul/2015:08:16:57 +0000] "GET /login HTTP/1.1" 200 1982 "http://localhost:3000/login" "Mozilla/5.0 (Windows NT 6.1; WOW64) AppleWebKit/537.36 (KHTML, like Gecko) Chrome/43.0.2357.65 Safari/537.36"
::1 - - [09/Jul/2015:08:16:57 +0000] "GET /stylesheets/bootstrap-responsive.css HTTP/1.1" 200 22102 "http://localhost:3000/login" "Mozilla/5.0 (Windows NT 6.1; WOW64) AppleWebKit/537.36 (KHTML, like Gecko) Chrome/43.0.2357.65 Safari/537.36"
::1 - - [09/Jul/2015:08:16:57 +0000] "GET /stylesheets/bootstrap.css HTTP/1.1" 200 127343 "http://localhost:3000/login" "Mozilla/5.0 (Windows NT 6.1; WOW64) AppleWebKit/537.36 (KHTML, like Gecko) Chrome/43.0.2357.65 Safari/537.36"
::1 - - [09/Jul/2015:08:16:57 +0000] "GET /javascripts/bootstrap.js HTTP/1.1" 200 61884 "http://localhost:3000/login" "Mozilla/5.0 (Windows NT 6.1; WOW64) AppleWebKit/537.36 (KHTML, like Gecko) Chrome/43.0.2357.65 Safari/537.36"
::1 - - [09/Jul/2015:08:16:57 +0000] "GET /javascripts/jquery-2.1.4.min.js HTTP/1.1" 200 84345 "http://localhost:3000/login" "Mozilla/5.0 (Windows NT 6.1; WOW64) AppleWebKit/537.36 (KHTML, like Gecko) Chrome/43.0.2357.65 Safari/537.36"
::1 - - [13/Jul/2015:02:01:07 +0000] "GET / HTTP/1.1" 200 2908 "-" "Mozilla/5.0 (Windows NT 6.1; WOW64) AppleWebKit/537.36 (KHTML, like Gecko) Chrome/43.0.2357.65 Safari/537.36"
::1 - - [13/Jul/2015:02:01:07 +0000] "GET /javascripts/bootstrap.js HTTP/1.1" 304 - "http://localhost:3000/" "Mozilla/5.0 (Windows NT 6.1; WOW64) AppleWebKit/537.36 (KHTML, like Gecko) Chrome/43.0.2357.65 Safari/537.36"
::1 - - [13/Jul/2015:02:01:07 +0000] "GET /stylesheets/bootstrap-responsive.css HTTP/1.1" 200 22102 "http://localhost:3000/" "Mozilla/5.0 (Windows NT 6.1; WOW64) AppleWebKit/537.36 (KHTML, like Gecko) Chrome/43.0.2357.65 Safari/537.36"
::1 - - [13/Jul/2015:02:01:07 +0000] "GET /stylesheets/bootstrap.css HTTP/1.1" 200 127343 "http://localhost:3000/" "Mozilla/5.0 (Windows NT 6.1; WOW64) AppleWebKit/537.36 (KHTML, like Gecko) Chrome/43.0.2357.65 Safari/537.36"
::1 - - [13/Jul/2015:02:01:07 +0000] "GET /javascripts/jquery-2.1.4.min.js HTTP/1.1" 200 84345 "http://localhost:3000/" "Mozilla/5.0 (Windows NT 6.1; WOW64) AppleWebKit/537.36 (KHTML, like Gecko) Chrome/43.0.2357.65 Safari/537.36"
::1 - - [13/Jul/2015:02:01:07 +0000] "GET /favicon.ico HTTP/1.1" 404 1466 "http://localhost:3000/" "Mozilla/5.0 (Windows NT 6.1; WOW64) AppleWebKit/537.36 (KHTML, like Gecko) Chrome/43.0.2357.65 Safari/537.36"
::1 - - [13/Jul/2015:02:02:10 +0000] "GET /stylesheets/bootstrap.css HTTP/1.1" 304 - "http://localhost:3000/" "Mozilla/5.0 (Windows NT 6.1; WOW64) AppleWebKit/537.36 (KHTML, like Gecko) Chrome/43.0.2357.65 Safari/537.36"
::1 - - [13/Jul/2015:02:02:10 +0000] "GET /stylesheets/bootstrap-responsive.css HTTP/1.1" 304 - "http://localhost:3000/" "Mozilla/5.0 (Windows NT 6.1; WOW64) AppleWebKit/537.36 (KHTML, like Gecko) Chrome/43.0.2357.65 Safari/537.36"
::1 - - [13/Jul/2015:02:02:14 +0000] "GET / HTTP/1.1" 200 2935 "-" "Mozilla/5.0 (Windows NT 6.1; WOW64) AppleWebKit/537.36 (KHTML, like Gecko) Chrome/43.0.2357.65 Safari/537.36"
::1 - - [13/Jul/2015:02:02:14 +0000] "GET /stylesheets/bootstrap-responsive.css HTTP/1.1" 200 22102 "http://localhost:3000/" "Mozilla/5.0 (Windows NT 6.1; WOW64) AppleWebKit/537.36 (KHTML, like Gecko) Chrome/43.0.2357.65 Safari/537.36"
::1 - - [13/Jul/2015:02:02:14 +0000] "GET /stylesheets/bootstrap.css HTTP/1.1" 200 127343 "http://localhost:3000/" "Mozilla/5.0 (Windows NT 6.1; WOW64) AppleWebKit/537.36 (KHTML, like Gecko) Chrome/43.0.2357.65 Safari/537.36"
::1 - - [13/Jul/2015:02:02:14 +0000] "GET /javascripts/jquery-2.1.4.min.js HTTP/1.1" 200 84345 "http://localhost:3000/" "Mozilla/5.0 (Windows NT 6.1; WOW64) AppleWebKit/537.36 (KHTML, like Gecko) Chrome/43.0.2357.65 Safari/537.36"
::1 - - [13/Jul/2015:02:02:14 +0000] "GET /javascripts/bootstrap.js HTTP/1.1" 200 61884 "http://localhost:3000/" "Mozilla/5.0 (Windows NT 6.1; WOW64) AppleWebKit/537.36 (KHTML, like Gecko) Chrome/43.0.2357.65 Safari/537.36"
::1 - - [13/Jul/2015:02:14:24 +0000] "GET / HTTP/1.1" 200 2935 "-" "Mozilla/5.0 (Windows NT 6.1; WOW64) AppleWebKit/537.36 (KHTML, like Gecko) Chrome/43.0.2357.65 Safari/537.36"
::1 - - [13/Jul/2015:02:14:24 +0000] "GET /stylesheets/bootstrap-responsive.css HTTP/1.1" 200 22102 "http://localhost:3000/" "Mozilla/5.0 (Windows NT 6.1; WOW64) AppleWebKit/537.36 (KHTML, like Gecko) Chrome/43.0.2357.65 Safari/537.36"
::1 - - [13/Jul/2015:02:14:24 +0000] "GET /javascripts/bootstrap.js HTTP/1.1" 200 61884 "http://localhost:3000/" "Mozilla/5.0 (Windows NT 6.1; WOW64) AppleWebKit/537.36 (KHTML, like Gecko) Chrome/43.0.2357.65 Safari/537.36"
::1 - - [13/Jul/2015:02:14:24 +0000] "GET /javascripts/jquery-2.1.4.min.js HTTP/1.1" 200 84345 "http://localhost:3000/" "Mozilla/5.0 (Windows NT 6.1; WOW64) AppleWebKit/537.36 (KHTML, like Gecko) Chrome/43.0.2357.65 Safari/537.36"
::1 - - [13/Jul/2015:02:14:24 +0000] "GET /stylesheets/bootstrap.css HTTP/1.1" 200 127343 "http://localhost:3000/" "Mozilla/5.0 (Windows NT 6.1; WOW64) AppleWebKit/537.36 (KHTML, like Gecko) Chrome/43.0.2357.65 Safari/537.36"
::1 - - [13/Jul/2015:02:14:26 +0000] "GET / HTTP/1.1" 200 2935 "-" "Mozilla/5.0 (Windows NT 6.1; WOW64) AppleWebKit/537.36 (KHTML, like Gecko) Chrome/43.0.2357.65 Safari/537.36"
::1 - - [13/Jul/2015:02:14:26 +0000] "GET /stylesheets/bootstrap-responsive.css HTTP/1.1" 200 22102 "http://localhost:3000/" "Mozilla/5.0 (Windows NT 6.1; WOW64) AppleWebKit/537.36 (KHTML, like Gecko) Chrome/43.0.2357.65 Safari/537.36"
::1 - - [13/Jul/2015:02:14:26 +0000] "GET /stylesheets/bootstrap.css HTTP/1.1" 200 127343 "http://localhost:3000/" "Mozilla/5.0 (Windows NT 6.1; WOW64) AppleWebKit/537.36 (KHTML, like Gecko) Chrome/43.0.2357.65 Safari/537.36"
::1 - - [13/Jul/2015:02:14:26 +0000] "GET /javascripts/jquery-2.1.4.min.js HTTP/1.1" 200 84345 "http://localhost:3000/" "Mozilla/5.0 (Windows NT 6.1; WOW64) AppleWebKit/537.36 (KHTML, like Gecko) Chrome/43.0.2357.65 Safari/537.36"
::1 - - [13/Jul/2015:02:14:26 +0000] "GET /javascripts/bootstrap.js HTTP/1.1" 200 61884 "http://localhost:3000/" "Mozilla/5.0 (Windows NT 6.1; WOW64) AppleWebKit/537.36 (KHTML, like Gecko) Chrome/43.0.2357.65 Safari/537.36"
::1 - - [13/Jul/2015:02:14:26 +0000] "GET / HTTP/1.1" 200 2935 "-" "Mozilla/5.0 (Windows NT 6.1; WOW64) AppleWebKit/537.36 (KHTML, like Gecko) Chrome/43.0.2357.65 Safari/537.36"
::1 - - [13/Jul/2015:02:14:26 +0000] "GET /stylesheets/bootstrap-responsive.css HTTP/1.1" 200 22102 "http://localhost:3000/" "Mozilla/5.0 (Windows NT 6.1; WOW64) AppleWebKit/537.36 (KHTML, like Gecko) Chrome/43.0.2357.65 Safari/537.36"
::1 - - [13/Jul/2015:02:14:26 +0000] "GET /javascripts/bootstrap.js HTTP/1.1" 200 61884 "http://localhost:3000/" "Mozilla/5.0 (Windows NT 6.1; WOW64) AppleWebKit/537.36 (KHTML, like Gecko) Chrome/43.0.2357.65 Safari/537.36"
::1 - - [13/Jul/2015:02:14:26 +0000] "GET /javascripts/jquery-2.1.4.min.js HTTP/1.1" 200 84345 "http://localhost:3000/" "Mozilla/5.0 (Windows NT 6.1; WOW64) AppleWebKit/537.36 (KHTML, like Gecko) Chrome/43.0.2357.65 Safari/537.36"
::1 - - [13/Jul/2015:02:14:26 +0000] "GET /stylesheets/bootstrap.css HTTP/1.1" 200 127343 "http://localhost:3000/" "Mozilla/5.0 (Windows NT 6.1; WOW64) AppleWebKit/537.36 (KHTML, like Gecko) Chrome/43.0.2357.65 Safari/537.36"
::1 - - [13/Jul/2015:02:15:04 +0000] "GET / HTTP/1.1" 200 2933 "-" "Mozilla/5.0 (Windows NT 6.1; WOW64) AppleWebKit/537.36 (KHTML, like Gecko) Chrome/43.0.2357.65 Safari/537.36"
::1 - - [13/Jul/2015:02:15:04 +0000] "GET /stylesheets/bootstrap-responsive.css HTTP/1.1" 200 22102 "http://localhost:3000/" "Mozilla/5.0 (Windows NT 6.1; WOW64) AppleWebKit/537.36 (KHTML, like Gecko) Chrome/43.0.2357.65 Safari/537.36"
::1 - - [13/Jul/2015:02:15:04 +0000] "GET /javascripts/bootstrap.js HTTP/1.1" 200 61884 "http://localhost:3000/" "Mozilla/5.0 (Windows NT 6.1; WOW64) AppleWebKit/537.36 (KHTML, like Gecko) Chrome/43.0.2357.65 Safari/537.36"
::1 - - [13/Jul/2015:02:15:04 +0000] "GET /javascripts/jquery-2.1.4.min.js HTTP/1.1" 200 84345 "http://localhost:3000/" "Mozilla/5.0 (Windows NT 6.1; WOW64) AppleWebKit/537.36 (KHTML, like Gecko) Chrome/43.0.2357.65 Safari/537.36"
::1 - - [13/Jul/2015:02:15:04 +0000] "GET /stylesheets/bootstrap.css HTTP/1.1" 200 127343 "http://localhost:3000/" "Mozilla/5.0 (Windows NT 6.1; WOW64) AppleWebKit/537.36 (KHTML, like Gecko) Chrome/43.0.2357.65 Safari/537.36"
::1 - - [13/Jul/2015:02:15:05 +0000] "GET / HTTP/1.1" 200 2933 "-" "Mozilla/5.0 (Windows NT 6.1; WOW64) AppleWebKit/537.36 (KHTML, like Gecko) Chrome/43.0.2357.65 Safari/537.36"
::1 - - [13/Jul/2015:02:15:05 +0000] "GET /stylesheets/bootstrap-responsive.css HTTP/1.1" 200 22102 "http://localhost:3000/" "Mozilla/5.0 (Windows NT 6.1; WOW64) AppleWebKit/537.36 (KHTML, like Gecko) Chrome/43.0.2357.65 Safari/537.36"
::1 - - [13/Jul/2015:02:15:05 +0000] "GET /stylesheets/bootstrap.css HTTP/1.1" 200 127343 "http://localhost:3000/" "Mozilla/5.0 (Windows NT 6.1; WOW64) AppleWebKit/537.36 (KHTML, like Gecko) Chrome/43.0.2357.65 Safari/537.36"
::1 - - [13/Jul/2015:02:15:05 +0000] "GET /javascripts/bootstrap.js HTTP/1.1" 200 61884 "http://localhost:3000/" "Mozilla/5.0 (Windows NT 6.1; WOW64) AppleWebKit/537.36 (KHTML, like Gecko) Chrome/43.0.2357.65 Safari/537.36"
::1 - - [13/Jul/2015:02:15:05 +0000] "GET /javascripts/jquery-2.1.4.min.js HTTP/1.1" 200 84345 "http://localhost:3000/" "Mozilla/5.0 (Windows NT 6.1; WOW64) AppleWebKit/537.36 (KHTML, like Gecko) Chrome/43.0.2357.65 Safari/537.36"
::1 - - [13/Jul/2015:02:15:06 +0000] "GET / HTTP/1.1" 200 2933 "-" "Mozilla/5.0 (Windows NT 6.1; WOW64) AppleWebKit/537.36 (KHTML, like Gecko) Chrome/43.0.2357.65 Safari/537.36"
::1 - - [13/Jul/2015:02:15:06 +0000] "GET /stylesheets/bootstrap-responsive.css HTTP/1.1" 200 22102 "http://localhost:3000/" "Mozilla/5.0 (Windows NT 6.1; WOW64) AppleWebKit/537.36 (KHTML, like Gecko) Chrome/43.0.2357.65 Safari/537.36"
::1 - - [13/Jul/2015:02:15:06 +0000] "GET /javascripts/bootstrap.js HTTP/1.1" 200 61884 "http://localhost:3000/" "Mozilla/5.0 (Windows NT 6.1; WOW64) AppleWebKit/537.36 (KHTML, like Gecko) Chrome/43.0.2357.65 Safari/537.36"
::1 - - [13/Jul/2015:02:15:06 +0000] "GET /stylesheets/bootstrap.css HTTP/1.1" 200 127343 "http://localhost:3000/" "Mozilla/5.0 (Windows NT 6.1; WOW64) AppleWebKit/537.36 (KHTML, like Gecko) Chrome/43.0.2357.65 Safari/537.36"
::1 - - [13/Jul/2015:02:15:06 +0000] "GET /javascripts/jquery-2.1.4.min.js HTTP/1.1" 200 84345 "http://localhost:3000/" "Mozilla/5.0 (Windows NT 6.1; WOW64) AppleWebKit/537.36 (KHTML, like Gecko) Chrome/43.0.2357.65 Safari/537.36"
::1 - - [13/Jul/2015:02:19:01 +0000] "GET / HTTP/1.1" 200 2936 "-" "Mozilla/5.0 (Windows NT 6.1; WOW64) AppleWebKit/537.36 (KHTML, like Gecko) Chrome/43.0.2357.65 Safari/537.36"
::1 - - [13/Jul/2015:02:19:01 +0000] "GET /stylesheets/bootstrap-responsive.css HTTP/1.1" 200 22102 "http://localhost:3000/" "Mozilla/5.0 (Windows NT 6.1; WOW64) AppleWebKit/537.36 (KHTML, like Gecko) Chrome/43.0.2357.65 Safari/537.36"
::1 - - [13/Jul/2015:02:19:01 +0000] "GET /javascripts/bootstrap.js HTTP/1.1" 200 61884 "http://localhost:3000/" "Mozilla/5.0 (Windows NT 6.1; WOW64) AppleWebKit/537.36 (KHTML, like Gecko) Chrome/43.0.2357.65 Safari/537.36"
::1 - - [13/Jul/2015:02:19:01 +0000] "GET /javascripts/jquery-2.1.4.min.js HTTP/1.1" 200 84345 "http://localhost:3000/" "Mozilla/5.0 (Windows NT 6.1; WOW64) AppleWebKit/537.36 (KHTML, like Gecko) Chrome/43.0.2357.65 Safari/537.36"
::1 - - [13/Jul/2015:02:19:01 +0000] "GET /stylesheets/bootstrap.css HTTP/1.1" 200 127343 "http://localhost:3000/" "Mozilla/5.0 (Windows NT 6.1; WOW64) AppleWebKit/537.36 (KHTML, like Gecko) Chrome/43.0.2357.65 Safari/537.36"
::1 - - [13/Jul/2015:02:19:02 +0000] "GET / HTTP/1.1" 200 2936 "-" "Mozilla/5.0 (Windows NT 6.1; WOW64) AppleWebKit/537.36 (KHTML, like Gecko) Chrome/43.0.2357.65 Safari/537.36"
::1 - - [13/Jul/2015:02:19:02 +0000] "GET /stylesheets/bootstrap-responsive.css HTTP/1.1" 200 22102 "http://localhost:3000/" "Mozilla/5.0 (Windows NT 6.1; WOW64) AppleWebKit/537.36 (KHTML, like Gecko) Chrome/43.0.2357.65 Safari/537.36"
::1 - - [13/Jul/2015:02:19:02 +0000] "GET /stylesheets/bootstrap.css HTTP/1.1" 200 127343 "http://localhost:3000/" "Mozilla/5.0 (Windows NT 6.1; WOW64) AppleWebKit/537.36 (KHTML, like Gecko) Chrome/43.0.2357.65 Safari/537.36"
::1 - - [13/Jul/2015:02:19:02 +0000] "GET /javascripts/bootstrap.js HTTP/1.1" 200 61884 "http://localhost:3000/" "Mozilla/5.0 (Windows NT 6.1; WOW64) AppleWebKit/537.36 (KHTML, like Gecko) Chrome/43.0.2357.65 Safari/537.36"
::1 - - [13/Jul/2015:02:19:02 +0000] "GET /javascripts/jquery-2.1.4.min.js HTTP/1.1" 200 84345 "http://localhost:3000/" "Mozilla/5.0 (Windows NT 6.1; WOW64) AppleWebKit/537.36 (KHTML, like Gecko) Chrome/43.0.2357.65 Safari/537.36"
::1 - - [13/Jul/2015:07:21:46 +0000] "GET /login HTTP/1.1" 200 1982 "-" "Mozilla/5.0 (Windows NT 6.1; WOW64) AppleWebKit/537.36 (KHTML, like Gecko) Chrome/43.0.2357.65 Safari/537.36"
::1 - - [13/Jul/2015:07:21:46 +0000] "GET /stylesheets/bootstrap.css HTTP/1.1" 304 - "http://localhost:3000/login" "Mozilla/5.0 (Windows NT 6.1; WOW64) AppleWebKit/537.36 (KHTML, like Gecko) Chrome/43.0.2357.65 Safari/537.36"
::1 - - [13/Jul/2015:07:21:46 +0000] "GET /stylesheets/bootstrap-responsive.css HTTP/1.1" 304 - "http://localhost:3000/login" "Mozilla/5.0 (Windows NT 6.1; WOW64) AppleWebKit/537.36 (KHTML, like Gecko) Chrome/43.0.2357.65 Safari/537.36"
::1 - - [13/Jul/2015:07:21:46 +0000] "GET /javascripts/jquery-2.1.4.min.js HTTP/1.1" 304 - "http://localhost:3000/login" "Mozilla/5.0 (Windows NT 6.1; WOW64) AppleWebKit/537.36 (KHTML, like Gecko) Chrome/43.0.2357.65 Safari/537.36"
::1 - - [13/Jul/2015:07:21:46 +0000] "GET /javascripts/bootstrap.js HTTP/1.1" 304 - "http://localhost:3000/login" "Mozilla/5.0 (Windows NT 6.1; WOW64) AppleWebKit/537.36 (KHTML, like Gecko) Chrome/43.0.2357.65 Safari/537.36"
::1 - - [13/Jul/2015:07:21:52 +0000] "POST /login HTTP/1.1" 302 58 "http://localhost:3000/login" "Mozilla/5.0 (Windows NT 6.1; WOW64) AppleWebKit/537.36 (KHTML, like Gecko) Chrome/43.0.2357.65 Safari/537.36"
::1 - - [13/Jul/2015:07:21:52 +0000] "GET / HTTP/1.1" 200 2920 "http://localhost:3000/login" "Mozilla/5.0 (Windows NT 6.1; WOW64) AppleWebKit/537.36 (KHTML, like Gecko) Chrome/43.0.2357.65 Safari/537.36"
::1 - - [13/Jul/2015:07:21:52 +0000] "GET /stylesheets/bootstrap.css HTTP/1.1" 304 - "http://localhost:3000/" "Mozilla/5.0 (Windows NT 6.1; WOW64) AppleWebKit/537.36 (KHTML, like Gecko) Chrome/43.0.2357.65 Safari/537.36"
::1 - - [13/Jul/2015:07:21:52 +0000] "GET /stylesheets/bootstrap-responsive.css HTTP/1.1" 304 - "http://localhost:3000/" "Mozilla/5.0 (Windows NT 6.1; WOW64) AppleWebKit/537.36 (KHTML, like Gecko) Chrome/43.0.2357.65 Safari/537.36"
::1 - - [13/Jul/2015:07:21:52 +0000] "GET /javascripts/jquery-2.1.4.min.js HTTP/1.1" 304 - "http://localhost:3000/" "Mozilla/5.0 (Windows NT 6.1; WOW64) AppleWebKit/537.36 (KHTML, like Gecko) Chrome/43.0.2357.65 Safari/537.36"
::1 - - [13/Jul/2015:07:21:52 +0000] "GET /javascripts/bootstrap.js HTTP/1.1" 304 - "http://localhost:3000/" "Mozilla/5.0 (Windows NT 6.1; WOW64) AppleWebKit/537.36 (KHTML, like Gecko) Chrome/43.0.2357.65 Safari/537.36"
::1 - - [13/Jul/2015:07:21:52 +0000] "GET /img/glyphicons-halflings-white.png HTTP/1.1" 200 8777 "http://localhost:3000/stylesheets/bootstrap.css" "Mozilla/5.0 (Windows NT 6.1; WOW64) AppleWebKit/537.36 (KHTML, like Gecko) Chrome/43.0.2357.65 Safari/537.36"
::1 - - [13/Jul/2015:07:22:02 +0000] "POST /post HTTP/1.1" 302 68 "http://localhost:3000/" "Mozilla/5.0 (Windows NT 6.1; WOW64) AppleWebKit/537.36 (KHTML, like Gecko) Chrome/43.0.2357.65 Safari/537.36"
::1 - - [13/Jul/2015:07:22:02 +0000] "GET /u/www HTTP/1.1" 200 2109 "http://localhost:3000/" "Mozilla/5.0 (Windows NT 6.1; WOW64) AppleWebKit/537.36 (KHTML, like Gecko) Chrome/43.0.2357.65 Safari/537.36"
::1 - - [13/Jul/2015:07:22:02 +0000] "GET /stylesheets/bootstrap.css HTTP/1.1" 304 - "http://localhost:3000/u/www" "Mozilla/5.0 (Windows NT 6.1; WOW64) AppleWebKit/537.36 (KHTML, like Gecko) Chrome/43.0.2357.65 Safari/537.36"
::1 - - [13/Jul/2015:07:22:02 +0000] "GET /stylesheets/bootstrap-responsive.css HTTP/1.1" 304 - "http://localhost:3000/u/www" "Mozilla/5.0 (Windows NT 6.1; WOW64) AppleWebKit/537.36 (KHTML, like Gecko) Chrome/43.0.2357.65 Safari/537.36"
::1 - - [13/Jul/2015:07:22:02 +0000] "GET /javascripts/jquery-2.1.4.min.js HTTP/1.1" 304 - "http://localhost:3000/u/www" "Mozilla/5.0 (Windows NT 6.1; WOW64) AppleWebKit/537.36 (KHTML, like Gecko) Chrome/43.0.2357.65 Safari/537.36"
::1 - - [13/Jul/2015:07:22:02 +0000] "GET /javascripts/bootstrap.js HTTP/1.1" 304 - "http://localhost:3000/u/www" "Mozilla/5.0 (Windows NT 6.1; WOW64) AppleWebKit/537.36 (KHTML, like Gecko) Chrome/43.0.2357.65 Safari/537.36"
::1 - - [13/Jul/2015:07:22:02 +0000] "GET /img/glyphicons-halflings-white.png HTTP/1.1" 304 - "http://localhost:3000/u/www" "Mozilla/5.0 (Windows NT 6.1; WOW64) AppleWebKit/537.36 (KHTML, like Gecko) Chrome/43.0.2357.65 Safari/537.36"
::1 - - [13/Jul/2015:07:22:07 +0000] "POST /post HTTP/1.1" 302 68 "http://localhost:3000/u/www" "Mozilla/5.0 (Windows NT 6.1; WOW64) AppleWebKit/537.36 (KHTML, like Gecko) Chrome/43.0.2357.65 Safari/537.36"
::1 - - [13/Jul/2015:07:22:07 +0000] "GET /u/www HTTP/1.1" 200 2292 "http://localhost:3000/u/www" "Mozilla/5.0 (Windows NT 6.1; WOW64) AppleWebKit/537.36 (KHTML, like Gecko) Chrome/43.0.2357.65 Safari/537.36"
::1 - - [13/Jul/2015:07:22:07 +0000] "GET /stylesheets/bootstrap.css HTTP/1.1" 304 - "http://localhost:3000/u/www" "Mozilla/5.0 (Windows NT 6.1; WOW64) AppleWebKit/537.36 (KHTML, like Gecko) Chrome/43.0.2357.65 Safari/537.36"
::1 - - [13/Jul/2015:07:22:07 +0000] "GET /stylesheets/bootstrap-responsive.css HTTP/1.1" 304 - "http://localhost:3000/u/www" "Mozilla/5.0 (Windows NT 6.1; WOW64) AppleWebKit/537.36 (KHTML, like Gecko) Chrome/43.0.2357.65 Safari/537.36"
::1 - - [13/Jul/2015:07:22:07 +0000] "GET /javascripts/jquery-2.1.4.min.js HTTP/1.1" 304 - "http://localhost:3000/u/www" "Mozilla/5.0 (Windows NT 6.1; WOW64) AppleWebKit/537.36 (KHTML, like Gecko) Chrome/43.0.2357.65 Safari/537.36"
::1 - - [13/Jul/2015:07:22:07 +0000] "GET /javascripts/bootstrap.js HTTP/1.1" 304 - "http://localhost:3000/u/www" "Mozilla/5.0 (Windows NT 6.1; WOW64) AppleWebKit/537.36 (KHTML, like Gecko) Chrome/43.0.2357.65 Safari/537.36"
::1 - - [13/Jul/2015:07:22:07 +0000] "GET /img/glyphicons-halflings-white.png HTTP/1.1" 304 - "http://localhost:3000/u/www" "Mozilla/5.0 (Windows NT 6.1; WOW64) AppleWebKit/537.36 (KHTML, like Gecko) Chrome/43.0.2357.65 Safari/537.36"
::1 - - [13/Jul/2015:07:22:09 +0000] "POST /post HTTP/1.1" 302 68 "http://localhost:3000/u/www" "Mozilla/5.0 (Windows NT 6.1; WOW64) AppleWebKit/537.36 (KHTML, like Gecko) Chrome/43.0.2357.65 Safari/537.36"
::1 - - [13/Jul/2015:07:22:09 +0000] "GET /u/www HTTP/1.1" 200 2522 "http://localhost:3000/u/www" "Mozilla/5.0 (Windows NT 6.1; WOW64) AppleWebKit/537.36 (KHTML, like Gecko) Chrome/43.0.2357.65 Safari/537.36"
::1 - - [13/Jul/2015:07:22:09 +0000] "GET /stylesheets/bootstrap.css HTTP/1.1" 304 - "http://localhost:3000/u/www" "Mozilla/5.0 (Windows NT 6.1; WOW64) AppleWebKit/537.36 (KHTML, like Gecko) Chrome/43.0.2357.65 Safari/537.36"
::1 - - [13/Jul/2015:07:22:09 +0000] "GET /stylesheets/bootstrap-responsive.css HTTP/1.1" 304 - "http://localhost:3000/u/www" "Mozilla/5.0 (Windows NT 6.1; WOW64) AppleWebKit/537.36 (KHTML, like Gecko) Chrome/43.0.2357.65 Safari/537.36"
::1 - - [13/Jul/2015:07:22:09 +0000] "GET /javascripts/jquery-2.1.4.min.js HTTP/1.1" 304 - "http://localhost:3000/u/www" "Mozilla/5.0 (Windows NT 6.1; WOW64) AppleWebKit/537.36 (KHTML, like Gecko) Chrome/43.0.2357.65 Safari/537.36"
::1 - - [13/Jul/2015:07:22:09 +0000] "GET /javascripts/bootstrap.js HTTP/1.1" 304 - "http://localhost:3000/u/www" "Mozilla/5.0 (Windows NT 6.1; WOW64) AppleWebKit/537.36 (KHTML, like Gecko) Chrome/43.0.2357.65 Safari/537.36"
::1 - - [13/Jul/2015:07:22:09 +0000] "GET /img/glyphicons-halflings-white.png HTTP/1.1" 304 - "http://localhost:3000/u/www" "Mozilla/5.0 (Windows NT 6.1; WOW64) AppleWebKit/537.36 (KHTML, like Gecko) Chrome/43.0.2357.65 Safari/537.36"
::1 - - [13/Jul/2015:07:22:09 +0000] "POST /post HTTP/1.1" 302 68 "http://localhost:3000/u/www" "Mozilla/5.0 (Windows NT 6.1; WOW64) AppleWebKit/537.36 (KHTML, like Gecko) Chrome/43.0.2357.65 Safari/537.36"
::1 - - [13/Jul/2015:07:22:09 +0000] "GET /u/www HTTP/1.1" 200 2697 "http://localhost:3000/u/www" "Mozilla/5.0 (Windows NT 6.1; WOW64) AppleWebKit/537.36 (KHTML, like Gecko) Chrome/43.0.2357.65 Safari/537.36"
::1 - - [13/Jul/2015:07:22:09 +0000] "GET /stylesheets/bootstrap.css HTTP/1.1" 304 - "http://localhost:3000/u/www" "Mozilla/5.0 (Windows NT 6.1; WOW64) AppleWebKit/537.36 (KHTML, like Gecko) Chrome/43.0.2357.65 Safari/537.36"
::1 - - [13/Jul/2015:07:22:09 +0000] "GET /stylesheets/bootstrap-responsive.css HTTP/1.1" 304 - "http://localhost:3000/u/www" "Mozilla/5.0 (Windows NT 6.1; WOW64) AppleWebKit/537.36 (KHTML, like Gecko) Chrome/43.0.2357.65 Safari/537.36"
::1 - - [13/Jul/2015:07:22:09 +0000] "GET /javascripts/jquery-2.1.4.min.js HTTP/1.1" 304 - "http://localhost:3000/u/www" "Mozilla/5.0 (Windows NT 6.1; WOW64) AppleWebKit/537.36 (KHTML, like Gecko) Chrome/43.0.2357.65 Safari/537.36"
::1 - - [13/Jul/2015:07:22:09 +0000] "GET /javascripts/bootstrap.js HTTP/1.1" 304 - "http://localhost:3000/u/www" "Mozilla/5.0 (Windows NT 6.1; WOW64) AppleWebKit/537.36 (KHTML, like Gecko) Chrome/43.0.2357.65 Safari/537.36"
::1 - - [13/Jul/2015:07:22:09 +0000] "GET /img/glyphicons-halflings-white.png HTTP/1.1" 304 - "http://localhost:3000/u/www" "Mozilla/5.0 (Windows NT 6.1; WOW64) AppleWebKit/537.36 (KHTML, like Gecko) Chrome/43.0.2357.65 Safari/537.36"
::1 - - [13/Jul/2015:07:22:10 +0000] "POST /post HTTP/1.1" 302 68 "http://localhost:3000/u/www" "Mozilla/5.0 (Windows NT 6.1; WOW64) AppleWebKit/537.36 (KHTML, like Gecko) Chrome/43.0.2357.65 Safari/537.36"
::1 - - [13/Jul/2015:07:22:10 +0000] "GET /u/www HTTP/1.1" 200 2873 "http://localhost:3000/u/www" "Mozilla/5.0 (Windows NT 6.1; WOW64) AppleWebKit/537.36 (KHTML, like Gecko) Chrome/43.0.2357.65 Safari/537.36"
::1 - - [13/Jul/2015:07:22:10 +0000] "GET /stylesheets/bootstrap.css HTTP/1.1" 304 - "http://localhost:3000/u/www" "Mozilla/5.0 (Windows NT 6.1; WOW64) AppleWebKit/537.36 (KHTML, like Gecko) Chrome/43.0.2357.65 Safari/537.36"
::1 - - [13/Jul/2015:07:22:10 +0000] "GET /stylesheets/bootstrap-responsive.css HTTP/1.1" 304 - "http://localhost:3000/u/www" "Mozilla/5.0 (Windows NT 6.1; WOW64) AppleWebKit/537.36 (KHTML, like Gecko) Chrome/43.0.2357.65 Safari/537.36"
::1 - - [13/Jul/2015:07:22:10 +0000] "GET /javascripts/jquery-2.1.4.min.js HTTP/1.1" 304 - "http://localhost:3000/u/www" "Mozilla/5.0 (Windows NT 6.1; WOW64) AppleWebKit/537.36 (KHTML, like Gecko) Chrome/43.0.2357.65 Safari/537.36"
::1 - - [13/Jul/2015:07:22:10 +0000] "GET /javascripts/bootstrap.js HTTP/1.1" 304 - "http://localhost:3000/u/www" "Mozilla/5.0 (Windows NT 6.1; WOW64) AppleWebKit/537.36 (KHTML, like Gecko) Chrome/43.0.2357.65 Safari/537.36"
::1 - - [13/Jul/2015:07:22:10 +0000] "GET /img/glyphicons-halflings-white.png HTTP/1.1" 304 - "http://localhost:3000/u/www" "Mozilla/5.0 (Windows NT 6.1; WOW64) AppleWebKit/537.36 (KHTML, like Gecko) Chrome/43.0.2357.65 Safari/537.36"
::1 - - [13/Jul/2015:07:22:11 +0000] "POST /post HTTP/1.1" 302 68 "http://localhost:3000/u/www" "Mozilla/5.0 (Windows NT 6.1; WOW64) AppleWebKit/537.36 (KHTML, like Gecko) Chrome/43.0.2357.65 Safari/537.36"
::1 - - [13/Jul/2015:07:22:11 +0000] "GET /u/www HTTP/1.1" 200 3100 "http://localhost:3000/u/www" "Mozilla/5.0 (Windows NT 6.1; WOW64) AppleWebKit/537.36 (KHTML, like Gecko) Chrome/43.0.2357.65 Safari/537.36"
::1 - - [13/Jul/2015:07:22:11 +0000] "GET /stylesheets/bootstrap.css HTTP/1.1" 304 - "http://localhost:3000/u/www" "Mozilla/5.0 (Windows NT 6.1; WOW64) AppleWebKit/537.36 (KHTML, like Gecko) Chrome/43.0.2357.65 Safari/537.36"
::1 - - [13/Jul/2015:07:22:11 +0000] "GET /stylesheets/bootstrap-responsive.css HTTP/1.1" 304 - "http://localhost:3000/u/www" "Mozilla/5.0 (Windows NT 6.1; WOW64) AppleWebKit/537.36 (KHTML, like Gecko) Chrome/43.0.2357.65 Safari/537.36"
::1 - - [13/Jul/2015:07:22:11 +0000] "GET /javascripts/jquery-2.1.4.min.js HTTP/1.1" 304 - "http://localhost:3000/u/www" "Mozilla/5.0 (Windows NT 6.1; WOW64) AppleWebKit/537.36 (KHTML, like Gecko) Chrome/43.0.2357.65 Safari/537.36"
::1 - - [13/Jul/2015:07:22:11 +0000] "GET /javascripts/bootstrap.js HTTP/1.1" 304 - "http://localhost:3000/u/www" "Mozilla/5.0 (Windows NT 6.1; WOW64) AppleWebKit/537.36 (KHTML, like Gecko) Chrome/43.0.2357.65 Safari/537.36"
::1 - - [13/Jul/2015:07:22:11 +0000] "GET /img/glyphicons-halflings-white.png HTTP/1.1" 304 - "http://localhost:3000/u/www" "Mozilla/5.0 (Windows NT 6.1; WOW64) AppleWebKit/537.36 (KHTML, like Gecko) Chrome/43.0.2357.65 Safari/537.36"
::1 - - [13/Jul/2015:07:22:11 +0000] "POST /post HTTP/1.1" 302 68 "http://localhost:3000/u/www" "Mozilla/5.0 (Windows NT 6.1; WOW64) AppleWebKit/537.36 (KHTML, like Gecko) Chrome/43.0.2357.65 Safari/537.36"
::1 - - [13/Jul/2015:07:22:11 +0000] "GET /u/www HTTP/1.1" 200 3274 "http://localhost:3000/u/www" "Mozilla/5.0 (Windows NT 6.1; WOW64) AppleWebKit/537.36 (KHTML, like Gecko) Chrome/43.0.2357.65 Safari/537.36"
::1 - - [13/Jul/2015:07:22:11 +0000] "GET /stylesheets/bootstrap.css HTTP/1.1" 304 - "http://localhost:3000/u/www" "Mozilla/5.0 (Windows NT 6.1; WOW64) AppleWebKit/537.36 (KHTML, like Gecko) Chrome/43.0.2357.65 Safari/537.36"
::1 - - [13/Jul/2015:07:22:11 +0000] "GET /stylesheets/bootstrap-responsive.css HTTP/1.1" 304 - "http://localhost:3000/u/www" "Mozilla/5.0 (Windows NT 6.1; WOW64) AppleWebKit/537.36 (KHTML, like Gecko) Chrome/43.0.2357.65 Safari/537.36"
::1 - - [13/Jul/2015:07:22:11 +0000] "GET /javascripts/jquery-2.1.4.min.js HTTP/1.1" 304 - "http://localhost:3000/u/www" "Mozilla/5.0 (Windows NT 6.1; WOW64) AppleWebKit/537.36 (KHTML, like Gecko) Chrome/43.0.2357.65 Safari/537.36"
::1 - - [13/Jul/2015:07:22:11 +0000] "GET /javascripts/bootstrap.js HTTP/1.1" 304 - "http://localhost:3000/u/www" "Mozilla/5.0 (Windows NT 6.1; WOW64) AppleWebKit/537.36 (KHTML, like Gecko) Chrome/43.0.2357.65 Safari/537.36"
::1 - - [13/Jul/2015:07:22:11 +0000] "GET /img/glyphicons-halflings-white.png HTTP/1.1" 304 - "http://localhost:3000/u/www" "Mozilla/5.0 (Windows NT 6.1; WOW64) AppleWebKit/537.36 (KHTML, like Gecko) Chrome/43.0.2357.65 Safari/537.36"
::1 - - [13/Jul/2015:07:22:11 +0000] "POST /post HTTP/1.1" 302 68 "http://localhost:3000/u/www" "Mozilla/5.0 (Windows NT 6.1; WOW64) AppleWebKit/537.36 (KHTML, like Gecko) Chrome/43.0.2357.65 Safari/537.36"
::1 - - [13/Jul/2015:07:22:11 +0000] "GET /u/www HTTP/1.1" 200 3450 "http://localhost:3000/u/www" "Mozilla/5.0 (Windows NT 6.1; WOW64) AppleWebKit/537.36 (KHTML, like Gecko) Chrome/43.0.2357.65 Safari/537.36"
::1 - - [13/Jul/2015:07:22:11 +0000] "GET /stylesheets/bootstrap.css HTTP/1.1" 304 - "http://localhost:3000/u/www" "Mozilla/5.0 (Windows NT 6.1; WOW64) AppleWebKit/537.36 (KHTML, like Gecko) Chrome/43.0.2357.65 Safari/537.36"
::1 - - [13/Jul/2015:07:22:11 +0000] "GET /stylesheets/bootstrap-responsive.css HTTP/1.1" 304 - "http://localhost:3000/u/www" "Mozilla/5.0 (Windows NT 6.1; WOW64) AppleWebKit/537.36 (KHTML, like Gecko) Chrome/43.0.2357.65 Safari/537.36"
::1 - - [13/Jul/2015:07:22:11 +0000] "GET /javascripts/jquery-2.1.4.min.js HTTP/1.1" 304 - "http://localhost:3000/u/www" "Mozilla/5.0 (Windows NT 6.1; WOW64) AppleWebKit/537.36 (KHTML, like Gecko) Chrome/43.0.2357.65 Safari/537.36"
::1 - - [13/Jul/2015:07:22:11 +0000] "GET /javascripts/bootstrap.js HTTP/1.1" 304 - "http://localhost:3000/u/www" "Mozilla/5.0 (Windows NT 6.1; WOW64) AppleWebKit/537.36 (KHTML, like Gecko) Chrome/43.0.2357.65 Safari/537.36"
::1 - - [13/Jul/2015:07:22:11 +0000] "GET /img/glyphicons-halflings-white.png HTTP/1.1" 304 - "http://localhost:3000/u/www" "Mozilla/5.0 (Windows NT 6.1; WOW64) AppleWebKit/537.36 (KHTML, like Gecko) Chrome/43.0.2357.65 Safari/537.36"
::1 - - [13/Jul/2015:07:22:11 +0000] "POST /post HTTP/1.1" 302 68 "http://localhost:3000/u/www" "Mozilla/5.0 (Windows NT 6.1; WOW64) AppleWebKit/537.36 (KHTML, like Gecko) Chrome/43.0.2357.65 Safari/537.36"
::1 - - [13/Jul/2015:07:22:11 +0000] "GET /u/www HTTP/1.1" 200 3677 "http://localhost:3000/u/www" "Mozilla/5.0 (Windows NT 6.1; WOW64) AppleWebKit/537.36 (KHTML, like Gecko) Chrome/43.0.2357.65 Safari/537.36"
::1 - - [13/Jul/2015:07:22:11 +0000] "GET /stylesheets/bootstrap.css HTTP/1.1" 304 - "http://localhost:3000/u/www" "Mozilla/5.0 (Windows NT 6.1; WOW64) AppleWebKit/537.36 (KHTML, like Gecko) Chrome/43.0.2357.65 Safari/537.36"
::1 - - [13/Jul/2015:07:22:11 +0000] "GET /stylesheets/bootstrap-responsive.css HTTP/1.1" 304 - "http://localhost:3000/u/www" "Mozilla/5.0 (Windows NT 6.1; WOW64) AppleWebKit/537.36 (KHTML, like Gecko) Chrome/43.0.2357.65 Safari/537.36"
::1 - - [13/Jul/2015:07:22:12 +0000] "GET /javascripts/jquery-2.1.4.min.js HTTP/1.1" 304 - "http://localhost:3000/u/www" "Mozilla/5.0 (Windows NT 6.1; WOW64) AppleWebKit/537.36 (KHTML, like Gecko) Chrome/43.0.2357.65 Safari/537.36"
::1 - - [13/Jul/2015:07:22:12 +0000] "GET /javascripts/bootstrap.js HTTP/1.1" 304 - "http://localhost:3000/u/www" "Mozilla/5.0 (Windows NT 6.1; WOW64) AppleWebKit/537.36 (KHTML, like Gecko) Chrome/43.0.2357.65 Safari/537.36"
::1 - - [13/Jul/2015:07:22:12 +0000] "GET /img/glyphicons-halflings-white.png HTTP/1.1" 304 - "http://localhost:3000/u/www" "Mozilla/5.0 (Windows NT 6.1; WOW64) AppleWebKit/537.36 (KHTML, like Gecko) Chrome/43.0.2357.65 Safari/537.36"
::1 - - [13/Jul/2015:07:22:12 +0000] "POST /post HTTP/1.1" 302 68 "http://localhost:3000/u/www" "Mozilla/5.0 (Windows NT 6.1; WOW64) AppleWebKit/537.36 (KHTML, like Gecko) Chrome/43.0.2357.65 Safari/537.36"
::1 - - [13/Jul/2015:07:22:12 +0000] "GET /u/www HTTP/1.1" 200 3851 "http://localhost:3000/u/www" "Mozilla/5.0 (Windows NT 6.1; WOW64) AppleWebKit/537.36 (KHTML, like Gecko) Chrome/43.0.2357.65 Safari/537.36"
::1 - - [13/Jul/2015:07:22:12 +0000] "GET /stylesheets/bootstrap.css HTTP/1.1" 304 - "http://localhost:3000/u/www" "Mozilla/5.0 (Windows NT 6.1; WOW64) AppleWebKit/537.36 (KHTML, like Gecko) Chrome/43.0.2357.65 Safari/537.36"
::1 - - [13/Jul/2015:07:22:12 +0000] "GET /stylesheets/bootstrap-responsive.css HTTP/1.1" 304 - "http://localhost:3000/u/www" "Mozilla/5.0 (Windows NT 6.1; WOW64) AppleWebKit/537.36 (KHTML, like Gecko) Chrome/43.0.2357.65 Safari/537.36"
::1 - - [13/Jul/2015:07:22:12 +0000] "GET /javascripts/jquery-2.1.4.min.js HTTP/1.1" 304 - "http://localhost:3000/u/www" "Mozilla/5.0 (Windows NT 6.1; WOW64) AppleWebKit/537.36 (KHTML, like Gecko) Chrome/43.0.2357.65 Safari/537.36"
::1 - - [13/Jul/2015:07:22:12 +0000] "GET /javascripts/bootstrap.js HTTP/1.1" 304 - "http://localhost:3000/u/www" "Mozilla/5.0 (Windows NT 6.1; WOW64) AppleWebKit/537.36 (KHTML, like Gecko) Chrome/43.0.2357.65 Safari/537.36"
::1 - - [13/Jul/2015:07:22:12 +0000] "GET /img/glyphicons-halflings-white.png HTTP/1.1" 304 - "http://localhost:3000/u/www" "Mozilla/5.0 (Windows NT 6.1; WOW64) AppleWebKit/537.36 (KHTML, like Gecko) Chrome/43.0.2357.65 Safari/537.36"
::1 - - [13/Jul/2015:07:22:12 +0000] "POST /post HTTP/1.1" 302 68 "http://localhost:3000/u/www" "Mozilla/5.0 (Windows NT 6.1; WOW64) AppleWebKit/537.36 (KHTML, like Gecko) Chrome/43.0.2357.65 Safari/537.36"
::1 - - [13/Jul/2015:07:22:12 +0000] "GET /u/www HTTP/1.1" 200 4027 "http://localhost:3000/u/www" "Mozilla/5.0 (Windows NT 6.1; WOW64) AppleWebKit/537.36 (KHTML, like Gecko) Chrome/43.0.2357.65 Safari/537.36"
::1 - - [13/Jul/2015:07:22:12 +0000] "GET /stylesheets/bootstrap.css HTTP/1.1" 304 - "http://localhost:3000/u/www" "Mozilla/5.0 (Windows NT 6.1; WOW64) AppleWebKit/537.36 (KHTML, like Gecko) Chrome/43.0.2357.65 Safari/537.36"
::1 - - [13/Jul/2015:07:22:12 +0000] "GET /stylesheets/bootstrap-responsive.css HTTP/1.1" 304 - "http://localhost:3000/u/www" "Mozilla/5.0 (Windows NT 6.1; WOW64) AppleWebKit/537.36 (KHTML, like Gecko) Chrome/43.0.2357.65 Safari/537.36"
::1 - - [13/Jul/2015:07:22:12 +0000] "GET /javascripts/jquery-2.1.4.min.js HTTP/1.1" 304 - "http://localhost:3000/u/www" "Mozilla/5.0 (Windows NT 6.1; WOW64) AppleWebKit/537.36 (KHTML, like Gecko) Chrome/43.0.2357.65 Safari/537.36"
::1 - - [13/Jul/2015:07:22:12 +0000] "GET /javascripts/bootstrap.js HTTP/1.1" 304 - "http://localhost:3000/u/www" "Mozilla/5.0 (Windows NT 6.1; WOW64) AppleWebKit/537.36 (KHTML, like Gecko) Chrome/43.0.2357.65 Safari/537.36"
::1 - - [13/Jul/2015:07:22:12 +0000] "GET /img/glyphicons-halflings-white.png HTTP/1.1" 304 - "http://localhost:3000/u/www" "Mozilla/5.0 (Windows NT 6.1; WOW64) AppleWebKit/537.36 (KHTML, like Gecko) Chrome/43.0.2357.65 Safari/537.36"
::1 - - [13/Jul/2015:07:22:12 +0000] "POST /post HTTP/1.1" 302 68 "http://localhost:3000/u/www" "Mozilla/5.0 (Windows NT 6.1; WOW64) AppleWebKit/537.36 (KHTML, like Gecko) Chrome/43.0.2357.65 Safari/537.36"
::1 - - [13/Jul/2015:07:22:12 +0000] "GET /u/www HTTP/1.1" 200 4254 "http://localhost:3000/u/www" "Mozilla/5.0 (Windows NT 6.1; WOW64) AppleWebKit/537.36 (KHTML, like Gecko) Chrome/43.0.2357.65 Safari/537.36"
::1 - - [13/Jul/2015:07:22:12 +0000] "GET /stylesheets/bootstrap.css HTTP/1.1" 304 - "http://localhost:3000/u/www" "Mozilla/5.0 (Windows NT 6.1; WOW64) AppleWebKit/537.36 (KHTML, like Gecko) Chrome/43.0.2357.65 Safari/537.36"
::1 - - [13/Jul/2015:07:22:12 +0000] "GET /stylesheets/bootstrap-responsive.css HTTP/1.1" 304 - "http://localhost:3000/u/www" "Mozilla/5.0 (Windows NT 6.1; WOW64) AppleWebKit/537.36 (KHTML, like Gecko) Chrome/43.0.2357.65 Safari/537.36"
::1 - - [13/Jul/2015:07:22:12 +0000] "GET /javascripts/jquery-2.1.4.min.js HTTP/1.1" 304 - "http://localhost:3000/u/www" "Mozilla/5.0 (Windows NT 6.1; WOW64) AppleWebKit/537.36 (KHTML, like Gecko) Chrome/43.0.2357.65 Safari/537.36"
::1 - - [13/Jul/2015:07:22:12 +0000] "GET /javascripts/bootstrap.js HTTP/1.1" 304 - "http://localhost:3000/u/www" "Mozilla/5.0 (Windows NT 6.1; WOW64) AppleWebKit/537.36 (KHTML, like Gecko) Chrome/43.0.2357.65 Safari/537.36"
::1 - - [13/Jul/2015:07:22:12 +0000] "GET /img/glyphicons-halflings-white.png HTTP/1.1" 304 - "http://localhost:3000/u/www" "Mozilla/5.0 (Windows NT 6.1; WOW64) AppleWebKit/537.36 (KHTML, like Gecko) Chrome/43.0.2357.65 Safari/537.36"
::1 - - [13/Jul/2015:07:22:13 +0000] "POST /post HTTP/1.1" 302 68 "http://localhost:3000/u/www" "Mozilla/5.0 (Windows NT 6.1; WOW64) AppleWebKit/537.36 (KHTML, like Gecko) Chrome/43.0.2357.65 Safari/537.36"
::1 - - [13/Jul/2015:07:22:13 +0000] "GET /u/www HTTP/1.1" 200 4428 "http://localhost:3000/u/www" "Mozilla/5.0 (Windows NT 6.1; WOW64) AppleWebKit/537.36 (KHTML, like Gecko) Chrome/43.0.2357.65 Safari/537.36"
::1 - - [13/Jul/2015:07:22:13 +0000] "GET /stylesheets/bootstrap.css HTTP/1.1" 304 - "http://localhost:3000/u/www" "Mozilla/5.0 (Windows NT 6.1; WOW64) AppleWebKit/537.36 (KHTML, like Gecko) Chrome/43.0.2357.65 Safari/537.36"
::1 - - [13/Jul/2015:07:22:13 +0000] "GET /stylesheets/bootstrap-responsive.css HTTP/1.1" 304 - "http://localhost:3000/u/www" "Mozilla/5.0 (Windows NT 6.1; WOW64) AppleWebKit/537.36 (KHTML, like Gecko) Chrome/43.0.2357.65 Safari/537.36"
::1 - - [13/Jul/2015:07:22:13 +0000] "GET /javascripts/jquery-2.1.4.min.js HTTP/1.1" 304 - "http://localhost:3000/u/www" "Mozilla/5.0 (Windows NT 6.1; WOW64) AppleWebKit/537.36 (KHTML, like Gecko) Chrome/43.0.2357.65 Safari/537.36"
::1 - - [13/Jul/2015:07:22:13 +0000] "GET /javascripts/bootstrap.js HTTP/1.1" 304 - "http://localhost:3000/u/www" "Mozilla/5.0 (Windows NT 6.1; WOW64) AppleWebKit/537.36 (KHTML, like Gecko) Chrome/43.0.2357.65 Safari/537.36"
::1 - - [13/Jul/2015:07:22:13 +0000] "GET /img/glyphicons-halflings-white.png HTTP/1.1" 304 - "http://localhost:3000/u/www" "Mozilla/5.0 (Windows NT 6.1; WOW64) AppleWebKit/537.36 (KHTML, like Gecko) Chrome/43.0.2357.65 Safari/537.36"
::1 - - [13/Jul/2015:07:22:13 +0000] "POST /post HTTP/1.1" 302 68 "http://localhost:3000/u/www" "Mozilla/5.0 (Windows NT 6.1; WOW64) AppleWebKit/537.36 (KHTML, like Gecko) Chrome/43.0.2357.65 Safari/537.36"
::1 - - [13/Jul/2015:07:22:13 +0000] "GET /u/www HTTP/1.1" 200 4604 "http://localhost:3000/u/www" "Mozilla/5.0 (Windows NT 6.1; WOW64) AppleWebKit/537.36 (KHTML, like Gecko) Chrome/43.0.2357.65 Safari/537.36"
::1 - - [13/Jul/2015:07:22:13 +0000] "GET /stylesheets/bootstrap.css HTTP/1.1" 304 - "http://localhost:3000/u/www" "Mozilla/5.0 (Windows NT 6.1; WOW64) AppleWebKit/537.36 (KHTML, like Gecko) Chrome/43.0.2357.65 Safari/537.36"
::1 - - [13/Jul/2015:07:22:13 +0000] "GET /stylesheets/bootstrap-responsive.css HTTP/1.1" 304 - "http://localhost:3000/u/www" "Mozilla/5.0 (Windows NT 6.1; WOW64) AppleWebKit/537.36 (KHTML, like Gecko) Chrome/43.0.2357.65 Safari/537.36"
::1 - - [13/Jul/2015:07:22:13 +0000] "GET /javascripts/jquery-2.1.4.min.js HTTP/1.1" 304 - "http://localhost:3000/u/www" "Mozilla/5.0 (Windows NT 6.1; WOW64) AppleWebKit/537.36 (KHTML, like Gecko) Chrome/43.0.2357.65 Safari/537.36"
::1 - - [13/Jul/2015:07:22:13 +0000] "GET /javascripts/bootstrap.js HTTP/1.1" 304 - "http://localhost:3000/u/www" "Mozilla/5.0 (Windows NT 6.1; WOW64) AppleWebKit/537.36 (KHTML, like Gecko) Chrome/43.0.2357.65 Safari/537.36"
::1 - - [13/Jul/2015:07:22:13 +0000] "GET /img/glyphicons-halflings-white.png HTTP/1.1" 304 - "http://localhost:3000/u/www" "Mozilla/5.0 (Windows NT 6.1; WOW64) AppleWebKit/537.36 (KHTML, like Gecko) Chrome/43.0.2357.65 Safari/537.36"
::1 - - [13/Jul/2015:07:22:13 +0000] "POST /post HTTP/1.1" 302 68 "http://localhost:3000/u/www" "Mozilla/5.0 (Windows NT 6.1; WOW64) AppleWebKit/537.36 (KHTML, like Gecko) Chrome/43.0.2357.65 Safari/537.36"
::1 - - [13/Jul/2015:07:22:13 +0000] "GET /u/www HTTP/1.1" 200 4831 "http://localhost:3000/u/www" "Mozilla/5.0 (Windows NT 6.1; WOW64) AppleWebKit/537.36 (KHTML, like Gecko) Chrome/43.0.2357.65 Safari/537.36"
::1 - - [13/Jul/2015:07:22:13 +0000] "GET /stylesheets/bootstrap.css HTTP/1.1" 304 - "http://localhost:3000/u/www" "Mozilla/5.0 (Windows NT 6.1; WOW64) AppleWebKit/537.36 (KHTML, like Gecko) Chrome/43.0.2357.65 Safari/537.36"
::1 - - [13/Jul/2015:07:22:13 +0000] "GET /stylesheets/bootstrap-responsive.css HTTP/1.1" 304 - "http://localhost:3000/u/www" "Mozilla/5.0 (Windows NT 6.1; WOW64) AppleWebKit/537.36 (KHTML, like Gecko) Chrome/43.0.2357.65 Safari/537.36"
::1 - - [13/Jul/2015:07:22:13 +0000] "GET /javascripts/jquery-2.1.4.min.js HTTP/1.1" 304 - "http://localhost:3000/u/www" "Mozilla/5.0 (Windows NT 6.1; WOW64) AppleWebKit/537.36 (KHTML, like Gecko) Chrome/43.0.2357.65 Safari/537.36"
::1 - - [13/Jul/2015:07:22:13 +0000] "GET /javascripts/bootstrap.js HTTP/1.1" 304 - "http://localhost:3000/u/www" "Mozilla/5.0 (Windows NT 6.1; WOW64) AppleWebKit/537.36 (KHTML, like Gecko) Chrome/43.0.2357.65 Safari/537.36"
::1 - - [13/Jul/2015:07:22:13 +0000] "GET /img/glyphicons-halflings-white.png HTTP/1.1" 304 - "http://localhost:3000/u/www" "Mozilla/5.0 (Windows NT 6.1; WOW64) AppleWebKit/537.36 (KHTML, like Gecko) Chrome/43.0.2357.65 Safari/537.36"
::1 - - [13/Jul/2015:07:22:13 +0000] "POST /post HTTP/1.1" 302 68 "http://localhost:3000/u/www" "Mozilla/5.0 (Windows NT 6.1; WOW64) AppleWebKit/537.36 (KHTML, like Gecko) Chrome/43.0.2357.65 Safari/537.36"
::1 - - [13/Jul/2015:07:22:13 +0000] "GET /u/www HTTP/1.1" 200 5005 "http://localhost:3000/u/www" "Mozilla/5.0 (Windows NT 6.1; WOW64) AppleWebKit/537.36 (KHTML, like Gecko) Chrome/43.0.2357.65 Safari/537.36"
::1 - - [13/Jul/2015:07:22:13 +0000] "GET /stylesheets/bootstrap.css HTTP/1.1" 304 - "http://localhost:3000/u/www" "Mozilla/5.0 (Windows NT 6.1; WOW64) AppleWebKit/537.36 (KHTML, like Gecko) Chrome/43.0.2357.65 Safari/537.36"
::1 - - [13/Jul/2015:07:22:13 +0000] "GET /stylesheets/bootstrap-responsive.css HTTP/1.1" 304 - "http://localhost:3000/u/www" "Mozilla/5.0 (Windows NT 6.1; WOW64) AppleWebKit/537.36 (KHTML, like Gecko) Chrome/43.0.2357.65 Safari/537.36"
::1 - - [13/Jul/2015:07:22:13 +0000] "GET /javascripts/jquery-2.1.4.min.js HTTP/1.1" 304 - "http://localhost:3000/u/www" "Mozilla/5.0 (Windows NT 6.1; WOW64) AppleWebKit/537.36 (KHTML, like Gecko) Chrome/43.0.2357.65 Safari/537.36"
::1 - - [13/Jul/2015:07:22:13 +0000] "GET /javascripts/bootstrap.js HTTP/1.1" 304 - "http://localhost:3000/u/www" "Mozilla/5.0 (Windows NT 6.1; WOW64) AppleWebKit/537.36 (KHTML, like Gecko) Chrome/43.0.2357.65 Safari/537.36"
::1 - - [13/Jul/2015:07:22:13 +0000] "GET /img/glyphicons-halflings-white.png HTTP/1.1" 304 - "http://localhost:3000/u/www" "Mozilla/5.0 (Windows NT 6.1; WOW64) AppleWebKit/537.36 (KHTML, like Gecko) Chrome/43.0.2357.65 Safari/537.36"
::1 - - [13/Jul/2015:07:22:14 +0000] "POST /post HTTP/1.1" 302 68 "http://localhost:3000/u/www" "Mozilla/5.0 (Windows NT 6.1; WOW64) AppleWebKit/537.36 (KHTML, like Gecko) Chrome/43.0.2357.65 Safari/537.36"
::1 - - [13/Jul/2015:07:22:14 +0000] "GET /u/www HTTP/1.1" 200 5181 "http://localhost:3000/u/www" "Mozilla/5.0 (Windows NT 6.1; WOW64) AppleWebKit/537.36 (KHTML, like Gecko) Chrome/43.0.2357.65 Safari/537.36"
::1 - - [13/Jul/2015:07:22:14 +0000] "GET /stylesheets/bootstrap.css HTTP/1.1" 304 - "http://localhost:3000/u/www" "Mozilla/5.0 (Windows NT 6.1; WOW64) AppleWebKit/537.36 (KHTML, like Gecko) Chrome/43.0.2357.65 Safari/537.36"
::1 - - [13/Jul/2015:07:22:14 +0000] "GET /stylesheets/bootstrap-responsive.css HTTP/1.1" 304 - "http://localhost:3000/u/www" "Mozilla/5.0 (Windows NT 6.1; WOW64) AppleWebKit/537.36 (KHTML, like Gecko) Chrome/43.0.2357.65 Safari/537.36"
::1 - - [13/Jul/2015:07:22:14 +0000] "GET /javascripts/jquery-2.1.4.min.js HTTP/1.1" 304 - "http://localhost:3000/u/www" "Mozilla/5.0 (Windows NT 6.1; WOW64) AppleWebKit/537.36 (KHTML, like Gecko) Chrome/43.0.2357.65 Safari/537.36"
::1 - - [13/Jul/2015:07:22:14 +0000] "GET /javascripts/bootstrap.js HTTP/1.1" 304 - "http://localhost:3000/u/www" "Mozilla/5.0 (Windows NT 6.1; WOW64) AppleWebKit/537.36 (KHTML, like Gecko) Chrome/43.0.2357.65 Safari/537.36"
::1 - - [13/Jul/2015:07:22:14 +0000] "GET /img/glyphicons-halflings-white.png HTTP/1.1" 304 - "http://localhost:3000/u/www" "Mozilla/5.0 (Windows NT 6.1; WOW64) AppleWebKit/537.36 (KHTML, like Gecko) Chrome/43.0.2357.65 Safari/537.36"
::1 - - [13/Jul/2015:07:22:14 +0000] "POST /post HTTP/1.1" 302 68 "http://localhost:3000/u/www" "Mozilla/5.0 (Windows NT 6.1; WOW64) AppleWebKit/537.36 (KHTML, like Gecko) Chrome/43.0.2357.65 Safari/537.36"
::1 - - [13/Jul/2015:07:22:14 +0000] "GET /u/www HTTP/1.1" 200 5408 "http://localhost:3000/u/www" "Mozilla/5.0 (Windows NT 6.1; WOW64) AppleWebKit/537.36 (KHTML, like Gecko) Chrome/43.0.2357.65 Safari/537.36"
::1 - - [13/Jul/2015:07:22:14 +0000] "GET /stylesheets/bootstrap.css HTTP/1.1" 304 - "http://localhost:3000/u/www" "Mozilla/5.0 (Windows NT 6.1; WOW64) AppleWebKit/537.36 (KHTML, like Gecko) Chrome/43.0.2357.65 Safari/537.36"
::1 - - [13/Jul/2015:07:22:14 +0000] "GET /stylesheets/bootstrap-responsive.css HTTP/1.1" 304 - "http://localhost:3000/u/www" "Mozilla/5.0 (Windows NT 6.1; WOW64) AppleWebKit/537.36 (KHTML, like Gecko) Chrome/43.0.2357.65 Safari/537.36"
::1 - - [13/Jul/2015:07:22:14 +0000] "GET /javascripts/jquery-2.1.4.min.js HTTP/1.1" 304 - "http://localhost:3000/u/www" "Mozilla/5.0 (Windows NT 6.1; WOW64) AppleWebKit/537.36 (KHTML, like Gecko) Chrome/43.0.2357.65 Safari/537.36"
::1 - - [13/Jul/2015:07:22:14 +0000] "GET /javascripts/bootstrap.js HTTP/1.1" 304 - "http://localhost:3000/u/www" "Mozilla/5.0 (Windows NT 6.1; WOW64) AppleWebKit/537.36 (KHTML, like Gecko) Chrome/43.0.2357.65 Safari/537.36"
::1 - - [13/Jul/2015:07:22:14 +0000] "GET /img/glyphicons-halflings-white.png HTTP/1.1" 304 - "http://localhost:3000/u/www" "Mozilla/5.0 (Windows NT 6.1; WOW64) AppleWebKit/537.36 (KHTML, like Gecko) Chrome/43.0.2357.65 Safari/537.36"
::1 - - [13/Jul/2015:07:22:15 +0000] "POST /post HTTP/1.1" 302 68 "http://localhost:3000/u/www" "Mozilla/5.0 (Windows NT 6.1; WOW64) AppleWebKit/537.36 (KHTML, like Gecko) Chrome/43.0.2357.65 Safari/537.36"
::1 - - [13/Jul/2015:07:22:15 +0000] "GET /u/www HTTP/1.1" 200 5582 "http://localhost:3000/u/www" "Mozilla/5.0 (Windows NT 6.1; WOW64) AppleWebKit/537.36 (KHTML, like Gecko) Chrome/43.0.2357.65 Safari/537.36"
::1 - - [13/Jul/2015:07:22:15 +0000] "GET /stylesheets/bootstrap.css HTTP/1.1" 304 - "http://localhost:3000/u/www" "Mozilla/5.0 (Windows NT 6.1; WOW64) AppleWebKit/537.36 (KHTML, like Gecko) Chrome/43.0.2357.65 Safari/537.36"
::1 - - [13/Jul/2015:07:22:15 +0000] "GET /stylesheets/bootstrap-responsive.css HTTP/1.1" 304 - "http://localhost:3000/u/www" "Mozilla/5.0 (Windows NT 6.1; WOW64) AppleWebKit/537.36 (KHTML, like Gecko) Chrome/43.0.2357.65 Safari/537.36"
::1 - - [13/Jul/2015:07:22:15 +0000] "GET /javascripts/jquery-2.1.4.min.js HTTP/1.1" 304 - "http://localhost:3000/u/www" "Mozilla/5.0 (Windows NT 6.1; WOW64) AppleWebKit/537.36 (KHTML, like Gecko) Chrome/43.0.2357.65 Safari/537.36"
::1 - - [13/Jul/2015:07:22:15 +0000] "GET /javascripts/bootstrap.js HTTP/1.1" 304 - "http://localhost:3000/u/www" "Mozilla/5.0 (Windows NT 6.1; WOW64) AppleWebKit/537.36 (KHTML, like Gecko) Chrome/43.0.2357.65 Safari/537.36"
::1 - - [13/Jul/2015:07:22:15 +0000] "GET /img/glyphicons-halflings-white.png HTTP/1.1" 304 - "http://localhost:3000/u/www" "Mozilla/5.0 (Windows NT 6.1; WOW64) AppleWebKit/537.36 (KHTML, like Gecko) Chrome/43.0.2357.65 Safari/537.36"
::1 - - [13/Jul/2015:07:22:15 +0000] "POST /post HTTP/1.1" 302 68 "http://localhost:3000/u/www" "Mozilla/5.0 (Windows NT 6.1; WOW64) AppleWebKit/537.36 (KHTML, like Gecko) Chrome/43.0.2357.65 Safari/537.36"
::1 - - [13/Jul/2015:07:22:15 +0000] "GET /u/www HTTP/1.1" 200 5758 "http://localhost:3000/u/www" "Mozilla/5.0 (Windows NT 6.1; WOW64) AppleWebKit/537.36 (KHTML, like Gecko) Chrome/43.0.2357.65 Safari/537.36"
::1 - - [13/Jul/2015:07:22:15 +0000] "GET /stylesheets/bootstrap.css HTTP/1.1" 304 - "http://localhost:3000/u/www" "Mozilla/5.0 (Windows NT 6.1; WOW64) AppleWebKit/537.36 (KHTML, like Gecko) Chrome/43.0.2357.65 Safari/537.36"
::1 - - [13/Jul/2015:07:22:15 +0000] "GET /stylesheets/bootstrap-responsive.css HTTP/1.1" 304 - "http://localhost:3000/u/www" "Mozilla/5.0 (Windows NT 6.1; WOW64) AppleWebKit/537.36 (KHTML, like Gecko) Chrome/43.0.2357.65 Safari/537.36"
::1 - - [13/Jul/2015:07:22:15 +0000] "GET /javascripts/jquery-2.1.4.min.js HTTP/1.1" 304 - "http://localhost:3000/u/www" "Mozilla/5.0 (Windows NT 6.1; WOW64) AppleWebKit/537.36 (KHTML, like Gecko) Chrome/43.0.2357.65 Safari/537.36"
::1 - - [13/Jul/2015:07:22:15 +0000] "GET /javascripts/bootstrap.js HTTP/1.1" 304 - "http://localhost:3000/u/www" "Mozilla/5.0 (Windows NT 6.1; WOW64) AppleWebKit/537.36 (KHTML, like Gecko) Chrome/43.0.2357.65 Safari/537.36"
::1 - - [13/Jul/2015:07:22:15 +0000] "GET /img/glyphicons-halflings-white.png HTTP/1.1" 304 - "http://localhost:3000/u/www" "Mozilla/5.0 (Windows NT 6.1; WOW64) AppleWebKit/537.36 (KHTML, like Gecko) Chrome/43.0.2357.65 Safari/537.36"
::1 - - [13/Jul/2015:07:22:15 +0000] "POST /post HTTP/1.1" 302 68 "http://localhost:3000/u/www" "Mozilla/5.0 (Windows NT 6.1; WOW64) AppleWebKit/537.36 (KHTML, like Gecko) Chrome/43.0.2357.65 Safari/537.36"
::1 - - [13/Jul/2015:07:22:15 +0000] "GET /u/www HTTP/1.1" 200 5985 "http://localhost:3000/u/www" "Mozilla/5.0 (Windows NT 6.1; WOW64) AppleWebKit/537.36 (KHTML, like Gecko) Chrome/43.0.2357.65 Safari/537.36"
::1 - - [13/Jul/2015:07:22:15 +0000] "GET /stylesheets/bootstrap.css HTTP/1.1" 304 - "http://localhost:3000/u/www" "Mozilla/5.0 (Windows NT 6.1; WOW64) AppleWebKit/537.36 (KHTML, like Gecko) Chrome/43.0.2357.65 Safari/537.36"
::1 - - [13/Jul/2015:07:22:15 +0000] "GET /stylesheets/bootstrap-responsive.css HTTP/1.1" 304 - "http://localhost:3000/u/www" "Mozilla/5.0 (Windows NT 6.1; WOW64) AppleWebKit/537.36 (KHTML, like Gecko) Chrome/43.0.2357.65 Safari/537.36"
::1 - - [13/Jul/2015:07:22:15 +0000] "GET /javascripts/jquery-2.1.4.min.js HTTP/1.1" 304 - "http://localhost:3000/u/www" "Mozilla/5.0 (Windows NT 6.1; WOW64) AppleWebKit/537.36 (KHTML, like Gecko) Chrome/43.0.2357.65 Safari/537.36"
::1 - - [13/Jul/2015:07:22:15 +0000] "GET /javascripts/bootstrap.js HTTP/1.1" 304 - "http://localhost:3000/u/www" "Mozilla/5.0 (Windows NT 6.1; WOW64) AppleWebKit/537.36 (KHTML, like Gecko) Chrome/43.0.2357.65 Safari/537.36"
::1 - - [13/Jul/2015:07:22:15 +0000] "GET /img/glyphicons-halflings-white.png HTTP/1.1" 304 - "http://localhost:3000/u/www" "Mozilla/5.0 (Windows NT 6.1; WOW64) AppleWebKit/537.36 (KHTML, like Gecko) Chrome/43.0.2357.65 Safari/537.36"
::1 - - [13/Jul/2015:07:22:15 +0000] "POST /post HTTP/1.1" 302 68 "http://localhost:3000/u/www" "Mozilla/5.0 (Windows NT 6.1; WOW64) AppleWebKit/537.36 (KHTML, like Gecko) Chrome/43.0.2357.65 Safari/537.36"
::1 - - [13/Jul/2015:07:22:15 +0000] "GET /u/www HTTP/1.1" 200 6159 "http://localhost:3000/u/www" "Mozilla/5.0 (Windows NT 6.1; WOW64) AppleWebKit/537.36 (KHTML, like Gecko) Chrome/43.0.2357.65 Safari/537.36"
::1 - - [13/Jul/2015:07:22:15 +0000] "GET /stylesheets/bootstrap.css HTTP/1.1" 304 - "http://localhost:3000/u/www" "Mozilla/5.0 (Windows NT 6.1; WOW64) AppleWebKit/537.36 (KHTML, like Gecko) Chrome/43.0.2357.65 Safari/537.36"
::1 - - [13/Jul/2015:07:22:15 +0000] "GET /stylesheets/bootstrap-responsive.css HTTP/1.1" 304 - "http://localhost:3000/u/www" "Mozilla/5.0 (Windows NT 6.1; WOW64) AppleWebKit/537.36 (KHTML, like Gecko) Chrome/43.0.2357.65 Safari/537.36"
::1 - - [13/Jul/2015:07:22:15 +0000] "GET /javascripts/jquery-2.1.4.min.js HTTP/1.1" 304 - "http://localhost:3000/u/www" "Mozilla/5.0 (Windows NT 6.1; WOW64) AppleWebKit/537.36 (KHTML, like Gecko) Chrome/43.0.2357.65 Safari/537.36"
::1 - - [13/Jul/2015:07:22:15 +0000] "GET /javascripts/bootstrap.js HTTP/1.1" 304 - "http://localhost:3000/u/www" "Mozilla/5.0 (Windows NT 6.1; WOW64) AppleWebKit/537.36 (KHTML, like Gecko) Chrome/43.0.2357.65 Safari/537.36"
::1 - - [13/Jul/2015:07:22:15 +0000] "GET /img/glyphicons-halflings-white.png HTTP/1.1" 304 - "http://localhost:3000/u/www" "Mozilla/5.0 (Windows NT 6.1; WOW64) AppleWebKit/537.36 (KHTML, like Gecko) Chrome/43.0.2357.65 Safari/537.36"
::1 - - [13/Jul/2015:07:22:15 +0000] "POST /post HTTP/1.1" 302 68 "http://localhost:3000/u/www" "Mozilla/5.0 (Windows NT 6.1; WOW64) AppleWebKit/537.36 (KHTML, like Gecko) Chrome/43.0.2357.65 Safari/537.36"
::1 - - [13/Jul/2015:07:22:16 +0000] "GET /u/www HTTP/1.1" 200 6335 "http://localhost:3000/u/www" "Mozilla/5.0 (Windows NT 6.1; WOW64) AppleWebKit/537.36 (KHTML, like Gecko) Chrome/43.0.2357.65 Safari/537.36"
::1 - - [13/Jul/2015:07:22:16 +0000] "GET /stylesheets/bootstrap.css HTTP/1.1" 304 - "http://localhost:3000/u/www" "Mozilla/5.0 (Windows NT 6.1; WOW64) AppleWebKit/537.36 (KHTML, like Gecko) Chrome/43.0.2357.65 Safari/537.36"
::1 - - [13/Jul/2015:07:22:16 +0000] "GET /stylesheets/bootstrap-responsive.css HTTP/1.1" 304 - "http://localhost:3000/u/www" "Mozilla/5.0 (Windows NT 6.1; WOW64) AppleWebKit/537.36 (KHTML, like Gecko) Chrome/43.0.2357.65 Safari/537.36"
::1 - - [13/Jul/2015:07:22:16 +0000] "GET /javascripts/jquery-2.1.4.min.js HTTP/1.1" 304 - "http://localhost:3000/u/www" "Mozilla/5.0 (Windows NT 6.1; WOW64) AppleWebKit/537.36 (KHTML, like Gecko) Chrome/43.0.2357.65 Safari/537.36"
::1 - - [13/Jul/2015:07:22:16 +0000] "GET /javascripts/bootstrap.js HTTP/1.1" 304 - "http://localhost:3000/u/www" "Mozilla/5.0 (Windows NT 6.1; WOW64) AppleWebKit/537.36 (KHTML, like Gecko) Chrome/43.0.2357.65 Safari/537.36"
::1 - - [13/Jul/2015:07:22:16 +0000] "GET /img/glyphicons-halflings-white.png HTTP/1.1" 304 - "http://localhost:3000/u/www" "Mozilla/5.0 (Windows NT 6.1; WOW64) AppleWebKit/537.36 (KHTML, like Gecko) Chrome/43.0.2357.65 Safari/537.36"
::1 - - [13/Jul/2015:07:22:16 +0000] "POST /post HTTP/1.1" 302 68 "http://localhost:3000/u/www" "Mozilla/5.0 (Windows NT 6.1; WOW64) AppleWebKit/537.36 (KHTML, like Gecko) Chrome/43.0.2357.65 Safari/537.36"
::1 - - [13/Jul/2015:07:22:16 +0000] "GET /u/www HTTP/1.1" 200 6562 "http://localhost:3000/u/www" "Mozilla/5.0 (Windows NT 6.1; WOW64) AppleWebKit/537.36 (KHTML, like Gecko) Chrome/43.0.2357.65 Safari/537.36"
::1 - - [13/Jul/2015:07:22:16 +0000] "GET /stylesheets/bootstrap.css HTTP/1.1" 304 - "http://localhost:3000/u/www" "Mozilla/5.0 (Windows NT 6.1; WOW64) AppleWebKit/537.36 (KHTML, like Gecko) Chrome/43.0.2357.65 Safari/537.36"
::1 - - [13/Jul/2015:07:22:16 +0000] "GET /stylesheets/bootstrap-responsive.css HTTP/1.1" 304 - "http://localhost:3000/u/www" "Mozilla/5.0 (Windows NT 6.1; WOW64) AppleWebKit/537.36 (KHTML, like Gecko) Chrome/43.0.2357.65 Safari/537.36"
::1 - - [13/Jul/2015:07:22:16 +0000] "GET /javascripts/jquery-2.1.4.min.js HTTP/1.1" 304 - "http://localhost:3000/u/www" "Mozilla/5.0 (Windows NT 6.1; WOW64) AppleWebKit/537.36 (KHTML, like Gecko) Chrome/43.0.2357.65 Safari/537.36"
::1 - - [13/Jul/2015:07:22:16 +0000] "GET /javascripts/bootstrap.js HTTP/1.1" 304 - "http://localhost:3000/u/www" "Mozilla/5.0 (Windows NT 6.1; WOW64) AppleWebKit/537.36 (KHTML, like Gecko) Chrome/43.0.2357.65 Safari/537.36"
::1 - - [13/Jul/2015:07:22:16 +0000] "GET /img/glyphicons-halflings-white.png HTTP/1.1" 304 - "http://localhost:3000/u/www" "Mozilla/5.0 (Windows NT 6.1; WOW64) AppleWebKit/537.36 (KHTML, like Gecko) Chrome/43.0.2357.65 Safari/537.36"
::1 - - [13/Jul/2015:07:22:16 +0000] "POST /post HTTP/1.1" 302 68 "http://localhost:3000/u/www" "Mozilla/5.0 (Windows NT 6.1; WOW64) AppleWebKit/537.36 (KHTML, like Gecko) Chrome/43.0.2357.65 Safari/537.36"
::1 - - [13/Jul/2015:07:22:16 +0000] "GET /u/www HTTP/1.1" 200 6736 "http://localhost:3000/u/www" "Mozilla/5.0 (Windows NT 6.1; WOW64) AppleWebKit/537.36 (KHTML, like Gecko) Chrome/43.0.2357.65 Safari/537.36"
::1 - - [13/Jul/2015:07:22:16 +0000] "GET /stylesheets/bootstrap.css HTTP/1.1" 304 - "http://localhost:3000/u/www" "Mozilla/5.0 (Windows NT 6.1; WOW64) AppleWebKit/537.36 (KHTML, like Gecko) Chrome/43.0.2357.65 Safari/537.36"
::1 - - [13/Jul/2015:07:22:16 +0000] "GET /stylesheets/bootstrap-responsive.css HTTP/1.1" 304 - "http://localhost:3000/u/www" "Mozilla/5.0 (Windows NT 6.1; WOW64) AppleWebKit/537.36 (KHTML, like Gecko) Chrome/43.0.2357.65 Safari/537.36"
::1 - - [13/Jul/2015:07:22:16 +0000] "GET /javascripts/jquery-2.1.4.min.js HTTP/1.1" 304 - "http://localhost:3000/u/www" "Mozilla/5.0 (Windows NT 6.1; WOW64) AppleWebKit/537.36 (KHTML, like Gecko) Chrome/43.0.2357.65 Safari/537.36"
::1 - - [13/Jul/2015:07:22:16 +0000] "GET /javascripts/bootstrap.js HTTP/1.1" 304 - "http://localhost:3000/u/www" "Mozilla/5.0 (Windows NT 6.1; WOW64) AppleWebKit/537.36 (KHTML, like Gecko) Chrome/43.0.2357.65 Safari/537.36"
::1 - - [13/Jul/2015:07:22:16 +0000] "GET /img/glyphicons-halflings-white.png HTTP/1.1" 304 - "http://localhost:3000/u/www" "Mozilla/5.0 (Windows NT 6.1; WOW64) AppleWebKit/537.36 (KHTML, like Gecko) Chrome/43.0.2357.65 Safari/537.36"
::1 - - [13/Jul/2015:07:22:16 +0000] "POST /post HTTP/1.1" 302 68 "http://localhost:3000/u/www" "Mozilla/5.0 (Windows NT 6.1; WOW64) AppleWebKit/537.36 (KHTML, like Gecko) Chrome/43.0.2357.65 Safari/537.36"
::1 - - [13/Jul/2015:07:22:16 +0000] "GET /u/www HTTP/1.1" 200 6912 "http://localhost:3000/u/www" "Mozilla/5.0 (Windows NT 6.1; WOW64) AppleWebKit/537.36 (KHTML, like Gecko) Chrome/43.0.2357.65 Safari/537.36"
::1 - - [13/Jul/2015:07:22:16 +0000] "GET /stylesheets/bootstrap.css HTTP/1.1" 304 - "http://localhost:3000/u/www" "Mozilla/5.0 (Windows NT 6.1; WOW64) AppleWebKit/537.36 (KHTML, like Gecko) Chrome/43.0.2357.65 Safari/537.36"
::1 - - [13/Jul/2015:07:22:16 +0000] "GET /stylesheets/bootstrap-responsive.css HTTP/1.1" 304 - "http://localhost:3000/u/www" "Mozilla/5.0 (Windows NT 6.1; WOW64) AppleWebKit/537.36 (KHTML, like Gecko) Chrome/43.0.2357.65 Safari/537.36"
::1 - - [13/Jul/2015:07:22:16 +0000] "GET /javascripts/jquery-2.1.4.min.js HTTP/1.1" 304 - "http://localhost:3000/u/www" "Mozilla/5.0 (Windows NT 6.1; WOW64) AppleWebKit/537.36 (KHTML, like Gecko) Chrome/43.0.2357.65 Safari/537.36"
::1 - - [13/Jul/2015:07:22:16 +0000] "GET /javascripts/bootstrap.js HTTP/1.1" 304 - "http://localhost:3000/u/www" "Mozilla/5.0 (Windows NT 6.1; WOW64) AppleWebKit/537.36 (KHTML, like Gecko) Chrome/43.0.2357.65 Safari/537.36"
::1 - - [13/Jul/2015:07:22:16 +0000] "GET /img/glyphicons-halflings-white.png HTTP/1.1" 304 - "http://localhost:3000/u/www" "Mozilla/5.0 (Windows NT 6.1; WOW64) AppleWebKit/537.36 (KHTML, like Gecko) Chrome/43.0.2357.65 Safari/537.36"
::1 - - [13/Jul/2015:07:22:16 +0000] "POST /post HTTP/1.1" 302 68 "http://localhost:3000/u/www" "Mozilla/5.0 (Windows NT 6.1; WOW64) AppleWebKit/537.36 (KHTML, like Gecko) Chrome/43.0.2357.65 Safari/537.36"
::1 - - [13/Jul/2015:07:22:16 +0000] "GET /u/www HTTP/1.1" 200 7139 "http://localhost:3000/u/www" "Mozilla/5.0 (Windows NT 6.1; WOW64) AppleWebKit/537.36 (KHTML, like Gecko) Chrome/43.0.2357.65 Safari/537.36"
::1 - - [13/Jul/2015:07:22:16 +0000] "GET /stylesheets/bootstrap.css HTTP/1.1" 304 - "http://localhost:3000/u/www" "Mozilla/5.0 (Windows NT 6.1; WOW64) AppleWebKit/537.36 (KHTML, like Gecko) Chrome/43.0.2357.65 Safari/537.36"
::1 - - [13/Jul/2015:07:22:16 +0000] "GET /stylesheets/bootstrap-responsive.css HTTP/1.1" 304 - "http://localhost:3000/u/www" "Mozilla/5.0 (Windows NT 6.1; WOW64) AppleWebKit/537.36 (KHTML, like Gecko) Chrome/43.0.2357.65 Safari/537.36"
::1 - - [13/Jul/2015:07:22:16 +0000] "GET /javascripts/jquery-2.1.4.min.js HTTP/1.1" 304 - "http://localhost:3000/u/www" "Mozilla/5.0 (Windows NT 6.1; WOW64) AppleWebKit/537.36 (KHTML, like Gecko) Chrome/43.0.2357.65 Safari/537.36"
::1 - - [13/Jul/2015:07:22:16 +0000] "GET /javascripts/bootstrap.js HTTP/1.1" 304 - "http://localhost:3000/u/www" "Mozilla/5.0 (Windows NT 6.1; WOW64) AppleWebKit/537.36 (KHTML, like Gecko) Chrome/43.0.2357.65 Safari/537.36"
::1 - - [13/Jul/2015:07:22:16 +0000] "GET /img/glyphicons-halflings-white.png HTTP/1.1" 304 - "http://localhost:3000/u/www" "Mozilla/5.0 (Windows NT 6.1; WOW64) AppleWebKit/537.36 (KHTML, like Gecko) Chrome/43.0.2357.65 Safari/537.36"
::1 - - [13/Jul/2015:07:22:16 +0000] "POST /post HTTP/1.1" 302 68 "http://localhost:3000/u/www" "Mozilla/5.0 (Windows NT 6.1; WOW64) AppleWebKit/537.36 (KHTML, like Gecko) Chrome/43.0.2357.65 Safari/537.36"
::1 - - [13/Jul/2015:07:22:16 +0000] "GET /u/www HTTP/1.1" 200 7313 "http://localhost:3000/u/www" "Mozilla/5.0 (Windows NT 6.1; WOW64) AppleWebKit/537.36 (KHTML, like Gecko) Chrome/43.0.2357.65 Safari/537.36"
::1 - - [13/Jul/2015:07:22:16 +0000] "GET /stylesheets/bootstrap.css HTTP/1.1" 304 - "http://localhost:3000/u/www" "Mozilla/5.0 (Windows NT 6.1; WOW64) AppleWebKit/537.36 (KHTML, like Gecko) Chrome/43.0.2357.65 Safari/537.36"
::1 - - [13/Jul/2015:07:22:16 +0000] "GET /stylesheets/bootstrap-responsive.css HTTP/1.1" 304 - "http://localhost:3000/u/www" "Mozilla/5.0 (Windows NT 6.1; WOW64) AppleWebKit/537.36 (KHTML, like Gecko) Chrome/43.0.2357.65 Safari/537.36"
::1 - - [13/Jul/2015:07:22:16 +0000] "GET /javascripts/jquery-2.1.4.min.js HTTP/1.1" 304 - "http://localhost:3000/u/www" "Mozilla/5.0 (Windows NT 6.1; WOW64) AppleWebKit/537.36 (KHTML, like Gecko) Chrome/43.0.2357.65 Safari/537.36"
::1 - - [13/Jul/2015:07:22:16 +0000] "GET /javascripts/bootstrap.js HTTP/1.1" 304 - "http://localhost:3000/u/www" "Mozilla/5.0 (Windows NT 6.1; WOW64) AppleWebKit/537.36 (KHTML, like Gecko) Chrome/43.0.2357.65 Safari/537.36"
::1 - - [13/Jul/2015:07:22:16 +0000] "GET /img/glyphicons-halflings-white.png HTTP/1.1" 304 - "http://localhost:3000/u/www" "Mozilla/5.0 (Windows NT 6.1; WOW64) AppleWebKit/537.36 (KHTML, like Gecko) Chrome/43.0.2357.65 Safari/537.36"
::1 - - [13/Jul/2015:07:22:17 +0000] "POST /post HTTP/1.1" 302 68 "http://localhost:3000/u/www" "Mozilla/5.0 (Windows NT 6.1; WOW64) AppleWebKit/537.36 (KHTML, like Gecko) Chrome/43.0.2357.65 Safari/537.36"
::1 - - [13/Jul/2015:07:22:17 +0000] "GET /u/www HTTP/1.1" 200 7489 "http://localhost:3000/u/www" "Mozilla/5.0 (Windows NT 6.1; WOW64) AppleWebKit/537.36 (KHTML, like Gecko) Chrome/43.0.2357.65 Safari/537.36"
::1 - - [13/Jul/2015:07:22:17 +0000] "GET /stylesheets/bootstrap.css HTTP/1.1" 304 - "http://localhost:3000/u/www" "Mozilla/5.0 (Windows NT 6.1; WOW64) AppleWebKit/537.36 (KHTML, like Gecko) Chrome/43.0.2357.65 Safari/537.36"
::1 - - [13/Jul/2015:07:22:17 +0000] "GET /stylesheets/bootstrap-responsive.css HTTP/1.1" 304 - "http://localhost:3000/u/www" "Mozilla/5.0 (Windows NT 6.1; WOW64) AppleWebKit/537.36 (KHTML, like Gecko) Chrome/43.0.2357.65 Safari/537.36"
::1 - - [13/Jul/2015:07:22:17 +0000] "GET /javascripts/jquery-2.1.4.min.js HTTP/1.1" 304 - "http://localhost:3000/u/www" "Mozilla/5.0 (Windows NT 6.1; WOW64) AppleWebKit/537.36 (KHTML, like Gecko) Chrome/43.0.2357.65 Safari/537.36"
::1 - - [13/Jul/2015:07:22:17 +0000] "GET /javascripts/bootstrap.js HTTP/1.1" 304 - "http://localhost:3000/u/www" "Mozilla/5.0 (Windows NT 6.1; WOW64) AppleWebKit/537.36 (KHTML, like Gecko) Chrome/43.0.2357.65 Safari/537.36"
::1 - - [13/Jul/2015:07:22:17 +0000] "GET /img/glyphicons-halflings-white.png HTTP/1.1" 304 - "http://localhost:3000/u/www" "Mozilla/5.0 (Windows NT 6.1; WOW64) AppleWebKit/537.36 (KHTML, like Gecko) Chrome/43.0.2357.65 Safari/537.36"
::1 - - [13/Jul/2015:07:22:17 +0000] "POST /post HTTP/1.1" 302 68 "http://localhost:3000/u/www" "Mozilla/5.0 (Windows NT 6.1; WOW64) AppleWebKit/537.36 (KHTML, like Gecko) Chrome/43.0.2357.65 Safari/537.36"
::1 - - [13/Jul/2015:07:22:17 +0000] "GET /u/www HTTP/1.1" 200 7716 "http://localhost:3000/u/www" "Mozilla/5.0 (Windows NT 6.1; WOW64) AppleWebKit/537.36 (KHTML, like Gecko) Chrome/43.0.2357.65 Safari/537.36"
::1 - - [13/Jul/2015:07:22:17 +0000] "GET /stylesheets/bootstrap.css HTTP/1.1" 304 - "http://localhost:3000/u/www" "Mozilla/5.0 (Windows NT 6.1; WOW64) AppleWebKit/537.36 (KHTML, like Gecko) Chrome/43.0.2357.65 Safari/537.36"
::1 - - [13/Jul/2015:07:22:17 +0000] "GET /stylesheets/bootstrap-responsive.css HTTP/1.1" 304 - "http://localhost:3000/u/www" "Mozilla/5.0 (Windows NT 6.1; WOW64) AppleWebKit/537.36 (KHTML, like Gecko) Chrome/43.0.2357.65 Safari/537.36"
::1 - - [13/Jul/2015:07:22:17 +0000] "GET /javascripts/jquery-2.1.4.min.js HTTP/1.1" 304 - "http://localhost:3000/u/www" "Mozilla/5.0 (Windows NT 6.1; WOW64) AppleWebKit/537.36 (KHTML, like Gecko) Chrome/43.0.2357.65 Safari/537.36"
::1 - - [13/Jul/2015:07:22:17 +0000] "GET /javascripts/bootstrap.js HTTP/1.1" 304 - "http://localhost:3000/u/www" "Mozilla/5.0 (Windows NT 6.1; WOW64) AppleWebKit/537.36 (KHTML, like Gecko) Chrome/43.0.2357.65 Safari/537.36"
::1 - - [13/Jul/2015:07:22:17 +0000] "GET /img/glyphicons-halflings-white.png HTTP/1.1" 304 - "http://localhost:3000/u/www" "Mozilla/5.0 (Windows NT 6.1; WOW64) AppleWebKit/537.36 (KHTML, like Gecko) Chrome/43.0.2357.65 Safari/537.36"
::1 - - [13/Jul/2015:07:22:17 +0000] "POST /post HTTP/1.1" 302 68 "http://localhost:3000/u/www" "Mozilla/5.0 (Windows NT 6.1; WOW64) AppleWebKit/537.36 (KHTML, like Gecko) Chrome/43.0.2357.65 Safari/537.36"
::1 - - [13/Jul/2015:07:22:17 +0000] "GET /u/www HTTP/1.1" 200 7890 "http://localhost:3000/u/www" "Mozilla/5.0 (Windows NT 6.1; WOW64) AppleWebKit/537.36 (KHTML, like Gecko) Chrome/43.0.2357.65 Safari/537.36"
::1 - - [13/Jul/2015:07:22:17 +0000] "GET /stylesheets/bootstrap.css HTTP/1.1" 304 - "http://localhost:3000/u/www" "Mozilla/5.0 (Windows NT 6.1; WOW64) AppleWebKit/537.36 (KHTML, like Gecko) Chrome/43.0.2357.65 Safari/537.36"
::1 - - [13/Jul/2015:07:22:17 +0000] "GET /stylesheets/bootstrap-responsive.css HTTP/1.1" 304 - "http://localhost:3000/u/www" "Mozilla/5.0 (Windows NT 6.1; WOW64) AppleWebKit/537.36 (KHTML, like Gecko) Chrome/43.0.2357.65 Safari/537.36"
::1 - - [13/Jul/2015:07:22:17 +0000] "GET /javascripts/jquery-2.1.4.min.js HTTP/1.1" 304 - "http://localhost:3000/u/www" "Mozilla/5.0 (Windows NT 6.1; WOW64) AppleWebKit/537.36 (KHTML, like Gecko) Chrome/43.0.2357.65 Safari/537.36"
::1 - - [13/Jul/2015:07:22:17 +0000] "GET /javascripts/bootstrap.js HTTP/1.1" 304 - "http://localhost:3000/u/www" "Mozilla/5.0 (Windows NT 6.1; WOW64) AppleWebKit/537.36 (KHTML, like Gecko) Chrome/43.0.2357.65 Safari/537.36"
::1 - - [13/Jul/2015:07:22:17 +0000] "GET /img/glyphicons-halflings-white.png HTTP/1.1" 304 - "http://localhost:3000/u/www" "Mozilla/5.0 (Windows NT 6.1; WOW64) AppleWebKit/537.36 (KHTML, like Gecko) Chrome/43.0.2357.65 Safari/537.36"
::1 - - [13/Jul/2015:07:22:18 +0000] "POST /post HTTP/1.1" 302 68 "http://localhost:3000/u/www" "Mozilla/5.0 (Windows NT 6.1; WOW64) AppleWebKit/537.36 (KHTML, like Gecko) Chrome/43.0.2357.65 Safari/537.36"
::1 - - [13/Jul/2015:07:22:18 +0000] "GET /u/www HTTP/1.1" 200 8066 "http://localhost:3000/u/www" "Mozilla/5.0 (Windows NT 6.1; WOW64) AppleWebKit/537.36 (KHTML, like Gecko) Chrome/43.0.2357.65 Safari/537.36"
::1 - - [13/Jul/2015:07:22:18 +0000] "GET /stylesheets/bootstrap.css HTTP/1.1" 304 - "http://localhost:3000/u/www" "Mozilla/5.0 (Windows NT 6.1; WOW64) AppleWebKit/537.36 (KHTML, like Gecko) Chrome/43.0.2357.65 Safari/537.36"
::1 - - [13/Jul/2015:07:22:18 +0000] "GET /stylesheets/bootstrap-responsive.css HTTP/1.1" 304 - "http://localhost:3000/u/www" "Mozilla/5.0 (Windows NT 6.1; WOW64) AppleWebKit/537.36 (KHTML, like Gecko) Chrome/43.0.2357.65 Safari/537.36"
::1 - - [13/Jul/2015:07:22:18 +0000] "GET /javascripts/jquery-2.1.4.min.js HTTP/1.1" 304 - "http://localhost:3000/u/www" "Mozilla/5.0 (Windows NT 6.1; WOW64) AppleWebKit/537.36 (KHTML, like Gecko) Chrome/43.0.2357.65 Safari/537.36"
::1 - - [13/Jul/2015:07:22:18 +0000] "GET /javascripts/bootstrap.js HTTP/1.1" 304 - "http://localhost:3000/u/www" "Mozilla/5.0 (Windows NT 6.1; WOW64) AppleWebKit/537.36 (KHTML, like Gecko) Chrome/43.0.2357.65 Safari/537.36"
::1 - - [13/Jul/2015:07:22:18 +0000] "GET /img/glyphicons-halflings-white.png HTTP/1.1" 304 - "http://localhost:3000/u/www" "Mozilla/5.0 (Windows NT 6.1; WOW64) AppleWebKit/537.36 (KHTML, like Gecko) Chrome/43.0.2357.65 Safari/537.36"
::1 - - [13/Jul/2015:07:22:18 +0000] "POST /post HTTP/1.1" 302 68 "http://localhost:3000/u/www" "Mozilla/5.0 (Windows NT 6.1; WOW64) AppleWebKit/537.36 (KHTML, like Gecko) Chrome/43.0.2357.65 Safari/537.36"
::1 - - [13/Jul/2015:07:22:18 +0000] "GET /u/www HTTP/1.1" 200 8293 "http://localhost:3000/u/www" "Mozilla/5.0 (Windows NT 6.1; WOW64) AppleWebKit/537.36 (KHTML, like Gecko) Chrome/43.0.2357.65 Safari/537.36"
::1 - - [13/Jul/2015:07:22:18 +0000] "GET /stylesheets/bootstrap.css HTTP/1.1" 304 - "http://localhost:3000/u/www" "Mozilla/5.0 (Windows NT 6.1; WOW64) AppleWebKit/537.36 (KHTML, like Gecko) Chrome/43.0.2357.65 Safari/537.36"
::1 - - [13/Jul/2015:07:22:18 +0000] "GET /stylesheets/bootstrap-responsive.css HTTP/1.1" 304 - "http://localhost:3000/u/www" "Mozilla/5.0 (Windows NT 6.1; WOW64) AppleWebKit/537.36 (KHTML, like Gecko) Chrome/43.0.2357.65 Safari/537.36"
::1 - - [13/Jul/2015:07:22:18 +0000] "GET /javascripts/jquery-2.1.4.min.js HTTP/1.1" 304 - "http://localhost:3000/u/www" "Mozilla/5.0 (Windows NT 6.1; WOW64) AppleWebKit/537.36 (KHTML, like Gecko) Chrome/43.0.2357.65 Safari/537.36"
::1 - - [13/Jul/2015:07:22:18 +0000] "GET /javascripts/bootstrap.js HTTP/1.1" 304 - "http://localhost:3000/u/www" "Mozilla/5.0 (Windows NT 6.1; WOW64) AppleWebKit/537.36 (KHTML, like Gecko) Chrome/43.0.2357.65 Safari/537.36"
::1 - - [13/Jul/2015:07:22:18 +0000] "GET /img/glyphicons-halflings-white.png HTTP/1.1" 304 - "http://localhost:3000/u/www" "Mozilla/5.0 (Windows NT 6.1; WOW64) AppleWebKit/537.36 (KHTML, like Gecko) Chrome/43.0.2357.65 Safari/537.36"
::1 - - [13/Jul/2015:07:22:18 +0000] "POST /post HTTP/1.1" 302 68 "http://localhost:3000/u/www" "Mozilla/5.0 (Windows NT 6.1; WOW64) AppleWebKit/537.36 (KHTML, like Gecko) Chrome/43.0.2357.65 Safari/537.36"
::1 - - [13/Jul/2015:07:22:18 +0000] "GET /u/www HTTP/1.1" 200 8467 "http://localhost:3000/u/www" "Mozilla/5.0 (Windows NT 6.1; WOW64) AppleWebKit/537.36 (KHTML, like Gecko) Chrome/43.0.2357.65 Safari/537.36"
::1 - - [13/Jul/2015:07:22:18 +0000] "GET /stylesheets/bootstrap.css HTTP/1.1" 304 - "http://localhost:3000/u/www" "Mozilla/5.0 (Windows NT 6.1; WOW64) AppleWebKit/537.36 (KHTML, like Gecko) Chrome/43.0.2357.65 Safari/537.36"
::1 - - [13/Jul/2015:07:22:18 +0000] "GET /stylesheets/bootstrap-responsive.css HTTP/1.1" 304 - "http://localhost:3000/u/www" "Mozilla/5.0 (Windows NT 6.1; WOW64) AppleWebKit/537.36 (KHTML, like Gecko) Chrome/43.0.2357.65 Safari/537.36"
::1 - - [13/Jul/2015:07:22:18 +0000] "GET /javascripts/jquery-2.1.4.min.js HTTP/1.1" 304 - "http://localhost:3000/u/www" "Mozilla/5.0 (Windows NT 6.1; WOW64) AppleWebKit/537.36 (KHTML, like Gecko) Chrome/43.0.2357.65 Safari/537.36"
::1 - - [13/Jul/2015:07:22:18 +0000] "GET /javascripts/bootstrap.js HTTP/1.1" 304 - "http://localhost:3000/u/www" "Mozilla/5.0 (Windows NT 6.1; WOW64) AppleWebKit/537.36 (KHTML, like Gecko) Chrome/43.0.2357.65 Safari/537.36"
::1 - - [13/Jul/2015:07:22:18 +0000] "GET /img/glyphicons-halflings-white.png HTTP/1.1" 304 - "http://localhost:3000/u/www" "Mozilla/5.0 (Windows NT 6.1; WOW64) AppleWebKit/537.36 (KHTML, like Gecko) Chrome/43.0.2357.65 Safari/537.36"
::1 - - [13/Jul/2015:07:22:18 +0000] "POST /post HTTP/1.1" 302 68 "http://localhost:3000/u/www" "Mozilla/5.0 (Windows NT 6.1; WOW64) AppleWebKit/537.36 (KHTML, like Gecko) Chrome/43.0.2357.65 Safari/537.36"
::1 - - [13/Jul/2015:07:22:18 +0000] "GET /u/www HTTP/1.1" 200 8643 "http://localhost:3000/u/www" "Mozilla/5.0 (Windows NT 6.1; WOW64) AppleWebKit/537.36 (KHTML, like Gecko) Chrome/43.0.2357.65 Safari/537.36"
::1 - - [13/Jul/2015:07:22:18 +0000] "GET /stylesheets/bootstrap.css HTTP/1.1" 304 - "http://localhost:3000/u/www" "Mozilla/5.0 (Windows NT 6.1; WOW64) AppleWebKit/537.36 (KHTML, like Gecko) Chrome/43.0.2357.65 Safari/537.36"
::1 - - [13/Jul/2015:07:22:18 +0000] "GET /stylesheets/bootstrap-responsive.css HTTP/1.1" 304 - "http://localhost:3000/u/www" "Mozilla/5.0 (Windows NT 6.1; WOW64) AppleWebKit/537.36 (KHTML, like Gecko) Chrome/43.0.2357.65 Safari/537.36"
::1 - - [13/Jul/2015:07:22:18 +0000] "GET /javascripts/jquery-2.1.4.min.js HTTP/1.1" 304 - "http://localhost:3000/u/www" "Mozilla/5.0 (Windows NT 6.1; WOW64) AppleWebKit/537.36 (KHTML, like Gecko) Chrome/43.0.2357.65 Safari/537.36"
::1 - - [13/Jul/2015:07:22:18 +0000] "GET /javascripts/bootstrap.js HTTP/1.1" 304 - "http://localhost:3000/u/www" "Mozilla/5.0 (Windows NT 6.1; WOW64) AppleWebKit/537.36 (KHTML, like Gecko) Chrome/43.0.2357.65 Safari/537.36"
::1 - - [13/Jul/2015:07:22:18 +0000] "GET /img/glyphicons-halflings-white.png HTTP/1.1" 304 - "http://localhost:3000/u/www" "Mozilla/5.0 (Windows NT 6.1; WOW64) AppleWebKit/537.36 (KHTML, like Gecko) Chrome/43.0.2357.65 Safari/537.36"
::1 - - [13/Jul/2015:07:22:18 +0000] "POST /post HTTP/1.1" 302 68 "http://localhost:3000/u/www" "Mozilla/5.0 (Windows NT 6.1; WOW64) AppleWebKit/537.36 (KHTML, like Gecko) Chrome/43.0.2357.65 Safari/537.36"
::1 - - [13/Jul/2015:07:22:18 +0000] "GET /u/www HTTP/1.1" 200 8870 "http://localhost:3000/u/www" "Mozilla/5.0 (Windows NT 6.1; WOW64) AppleWebKit/537.36 (KHTML, like Gecko) Chrome/43.0.2357.65 Safari/537.36"
::1 - - [13/Jul/2015:07:22:18 +0000] "GET /stylesheets/bootstrap-responsive.css HTTP/1.1" 304 - "http://localhost:3000/u/www" "Mozilla/5.0 (Windows NT 6.1; WOW64) AppleWebKit/537.36 (KHTML, like Gecko) Chrome/43.0.2357.65 Safari/537.36"
::1 - - [13/Jul/2015:07:22:18 +0000] "GET /stylesheets/bootstrap.css HTTP/1.1" 304 - "http://localhost:3000/u/www" "Mozilla/5.0 (Windows NT 6.1; WOW64) AppleWebKit/537.36 (KHTML, like Gecko) Chrome/43.0.2357.65 Safari/537.36"
::1 - - [13/Jul/2015:07:22:18 +0000] "GET /javascripts/jquery-2.1.4.min.js HTTP/1.1" 304 - "http://localhost:3000/u/www" "Mozilla/5.0 (Windows NT 6.1; WOW64) AppleWebKit/537.36 (KHTML, like Gecko) Chrome/43.0.2357.65 Safari/537.36"
::1 - - [13/Jul/2015:07:22:18 +0000] "GET /javascripts/bootstrap.js HTTP/1.1" 304 - "http://localhost:3000/u/www" "Mozilla/5.0 (Windows NT 6.1; WOW64) AppleWebKit/537.36 (KHTML, like Gecko) Chrome/43.0.2357.65 Safari/537.36"
::1 - - [13/Jul/2015:07:22:18 +0000] "GET /img/glyphicons-halflings-white.png HTTP/1.1" 304 - "http://localhost:3000/u/www" "Mozilla/5.0 (Windows NT 6.1; WOW64) AppleWebKit/537.36 (KHTML, like Gecko) Chrome/43.0.2357.65 Safari/537.36"
::1 - - [13/Jul/2015:07:22:19 +0000] "POST /post HTTP/1.1" 302 68 "http://localhost:3000/u/www" "Mozilla/5.0 (Windows NT 6.1; WOW64) AppleWebKit/537.36 (KHTML, like Gecko) Chrome/43.0.2357.65 Safari/537.36"
::1 - - [13/Jul/2015:07:22:19 +0000] "GET /u/www HTTP/1.1" 200 9044 "http://localhost:3000/u/www" "Mozilla/5.0 (Windows NT 6.1; WOW64) AppleWebKit/537.36 (KHTML, like Gecko) Chrome/43.0.2357.65 Safari/537.36"
::1 - - [13/Jul/2015:07:22:19 +0000] "GET /stylesheets/bootstrap.css HTTP/1.1" 304 - "http://localhost:3000/u/www" "Mozilla/5.0 (Windows NT 6.1; WOW64) AppleWebKit/537.36 (KHTML, like Gecko) Chrome/43.0.2357.65 Safari/537.36"
::1 - - [13/Jul/2015:07:22:19 +0000] "GET /stylesheets/bootstrap-responsive.css HTTP/1.1" 304 - "http://localhost:3000/u/www" "Mozilla/5.0 (Windows NT 6.1; WOW64) AppleWebKit/537.36 (KHTML, like Gecko) Chrome/43.0.2357.65 Safari/537.36"
::1 - - [13/Jul/2015:07:22:19 +0000] "GET /javascripts/jquery-2.1.4.min.js HTTP/1.1" 304 - "http://localhost:3000/u/www" "Mozilla/5.0 (Windows NT 6.1; WOW64) AppleWebKit/537.36 (KHTML, like Gecko) Chrome/43.0.2357.65 Safari/537.36"
::1 - - [13/Jul/2015:07:22:19 +0000] "GET /javascripts/bootstrap.js HTTP/1.1" 304 - "http://localhost:3000/u/www" "Mozilla/5.0 (Windows NT 6.1; WOW64) AppleWebKit/537.36 (KHTML, like Gecko) Chrome/43.0.2357.65 Safari/537.36"
::1 - - [13/Jul/2015:07:22:19 +0000] "GET /img/glyphicons-halflings-white.png HTTP/1.1" 304 - "http://localhost:3000/u/www" "Mozilla/5.0 (Windows NT 6.1; WOW64) AppleWebKit/537.36 (KHTML, like Gecko) Chrome/43.0.2357.65 Safari/537.36"
::1 - - [13/Jul/2015:07:22:19 +0000] "POST /post HTTP/1.1" 302 68 "http://localhost:3000/u/www" "Mozilla/5.0 (Windows NT 6.1; WOW64) AppleWebKit/537.36 (KHTML, like Gecko) Chrome/43.0.2357.65 Safari/537.36"
::1 - - [13/Jul/2015:07:22:19 +0000] "GET /u/www HTTP/1.1" 200 9220 "http://localhost:3000/u/www" "Mozilla/5.0 (Windows NT 6.1; WOW64) AppleWebKit/537.36 (KHTML, like Gecko) Chrome/43.0.2357.65 Safari/537.36"
::1 - - [13/Jul/2015:07:22:19 +0000] "GET /stylesheets/bootstrap.css HTTP/1.1" 304 - "http://localhost:3000/u/www" "Mozilla/5.0 (Windows NT 6.1; WOW64) AppleWebKit/537.36 (KHTML, like Gecko) Chrome/43.0.2357.65 Safari/537.36"
::1 - - [13/Jul/2015:07:22:19 +0000] "GET /stylesheets/bootstrap-responsive.css HTTP/1.1" 304 - "http://localhost:3000/u/www" "Mozilla/5.0 (Windows NT 6.1; WOW64) AppleWebKit/537.36 (KHTML, like Gecko) Chrome/43.0.2357.65 Safari/537.36"
::1 - - [13/Jul/2015:07:22:19 +0000] "GET /javascripts/jquery-2.1.4.min.js HTTP/1.1" 304 - "http://localhost:3000/u/www" "Mozilla/5.0 (Windows NT 6.1; WOW64) AppleWebKit/537.36 (KHTML, like Gecko) Chrome/43.0.2357.65 Safari/537.36"
::1 - - [13/Jul/2015:07:22:19 +0000] "GET /javascripts/bootstrap.js HTTP/1.1" 304 - "http://localhost:3000/u/www" "Mozilla/5.0 (Windows NT 6.1; WOW64) AppleWebKit/537.36 (KHTML, like Gecko) Chrome/43.0.2357.65 Safari/537.36"
::1 - - [13/Jul/2015:07:22:19 +0000] "GET /img/glyphicons-halflings-white.png HTTP/1.1" 304 - "http://localhost:3000/u/www" "Mozilla/5.0 (Windows NT 6.1; WOW64) AppleWebKit/537.36 (KHTML, like Gecko) Chrome/43.0.2357.65 Safari/537.36"
::1 - - [13/Jul/2015:07:22:19 +0000] "POST /post HTTP/1.1" 302 68 "http://localhost:3000/u/www" "Mozilla/5.0 (Windows NT 6.1; WOW64) AppleWebKit/537.36 (KHTML, like Gecko) Chrome/43.0.2357.65 Safari/537.36"
::1 - - [13/Jul/2015:07:22:19 +0000] "GET /u/www HTTP/1.1" 200 9447 "http://localhost:3000/u/www" "Mozilla/5.0 (Windows NT 6.1; WOW64) AppleWebKit/537.36 (KHTML, like Gecko) Chrome/43.0.2357.65 Safari/537.36"
::1 - - [13/Jul/2015:07:22:19 +0000] "GET /stylesheets/bootstrap.css HTTP/1.1" 304 - "http://localhost:3000/u/www" "Mozilla/5.0 (Windows NT 6.1; WOW64) AppleWebKit/537.36 (KHTML, like Gecko) Chrome/43.0.2357.65 Safari/537.36"
::1 - - [13/Jul/2015:07:22:19 +0000] "GET /stylesheets/bootstrap-responsive.css HTTP/1.1" 304 - "http://localhost:3000/u/www" "Mozilla/5.0 (Windows NT 6.1; WOW64) AppleWebKit/537.36 (KHTML, like Gecko) Chrome/43.0.2357.65 Safari/537.36"
::1 - - [13/Jul/2015:07:22:19 +0000] "GET /javascripts/jquery-2.1.4.min.js HTTP/1.1" 304 - "http://localhost:3000/u/www" "Mozilla/5.0 (Windows NT 6.1; WOW64) AppleWebKit/537.36 (KHTML, like Gecko) Chrome/43.0.2357.65 Safari/537.36"
::1 - - [13/Jul/2015:07:22:19 +0000] "GET /javascripts/bootstrap.js HTTP/1.1" 304 - "http://localhost:3000/u/www" "Mozilla/5.0 (Windows NT 6.1; WOW64) AppleWebKit/537.36 (KHTML, like Gecko) Chrome/43.0.2357.65 Safari/537.36"
::1 - - [13/Jul/2015:07:22:19 +0000] "GET /img/glyphicons-halflings-white.png HTTP/1.1" 304 - "http://localhost:3000/u/www" "Mozilla/5.0 (Windows NT 6.1; WOW64) AppleWebKit/537.36 (KHTML, like Gecko) Chrome/43.0.2357.65 Safari/537.36"
::1 - - [13/Jul/2015:07:22:58 +0000] "GET /u/www HTTP/1.1" 200 9386 "http://localhost:3000/u/www" "Mozilla/5.0 (Windows NT 6.1; WOW64) AppleWebKit/537.36 (KHTML, like Gecko) Chrome/43.0.2357.65 Safari/537.36"
::1 - - [13/Jul/2015:07:22:58 +0000] "GET /stylesheets/bootstrap.css HTTP/1.1" 304 - "http://localhost:3000/u/www" "Mozilla/5.0 (Windows NT 6.1; WOW64) AppleWebKit/537.36 (KHTML, like Gecko) Chrome/43.0.2357.65 Safari/537.36"
::1 - - [13/Jul/2015:07:22:58 +0000] "GET /stylesheets/bootstrap-responsive.css HTTP/1.1" 304 - "http://localhost:3000/u/www" "Mozilla/5.0 (Windows NT 6.1; WOW64) AppleWebKit/537.36 (KHTML, like Gecko) Chrome/43.0.2357.65 Safari/537.36"
::1 - - [13/Jul/2015:07:22:58 +0000] "GET /javascripts/jquery-2.1.4.min.js HTTP/1.1" 304 - "http://localhost:3000/u/www" "Mozilla/5.0 (Windows NT 6.1; WOW64) AppleWebKit/537.36 (KHTML, like Gecko) Chrome/43.0.2357.65 Safari/537.36"
::1 - - [13/Jul/2015:07:22:58 +0000] "GET /javascripts/bootstrap.js HTTP/1.1" 304 - "http://localhost:3000/u/www" "Mozilla/5.0 (Windows NT 6.1; WOW64) AppleWebKit/537.36 (KHTML, like Gecko) Chrome/43.0.2357.65 Safari/537.36"
::1 - - [13/Jul/2015:07:22:58 +0000] "GET /img/glyphicons-halflings-white.png HTTP/1.1" 304 - "http://localhost:3000/u/www" "Mozilla/5.0 (Windows NT 6.1; WOW64) AppleWebKit/537.36 (KHTML, like Gecko) Chrome/43.0.2357.65 Safari/537.36"
